<?xml version="1.0" encoding="UTF-8"?>
<testsuite name="io.reflectoring.UserServiceConsumerTest" tests="2" skipped="0" failures="0" errors="0" timestamp="2018-09-20T11:55:53" hostname="DE-ADN-24S8M12" time="2.981">
  <properties/>
  <testcase name="verifyCreateAlreadyExistingUserPact()" classname="io.reflectoring.UserServiceConsumerTest" time="2.724"/>
  <testcase name="verifyCreatePersonPact()" classname="io.reflectoring.UserServiceConsumerTest" time="0.255"/>
  <system-out><![CDATA[13:55:46.115 [Test worker] DEBUG org.springframework.test.context.BootstrapUtils - Instantiating CacheAwareContextLoaderDelegate from class [org.springframework.test.context.cache.DefaultCacheAwareContextLoaderDelegate]
13:55:46.136 [Test worker] DEBUG org.springframework.test.context.BootstrapUtils - Instantiating BootstrapContext using constructor [public org.springframework.test.context.support.DefaultBootstrapContext(java.lang.Class,org.springframework.test.context.CacheAwareContextLoaderDelegate)]
13:55:46.155 [Test worker] DEBUG org.springframework.test.context.BootstrapUtils - Instantiating TestContextBootstrapper for test class [io.reflectoring.UserServiceConsumerTest] from class [org.springframework.boot.test.context.SpringBootTestContextBootstrapper]
13:55:46.169 [Test worker] INFO org.springframework.boot.test.context.SpringBootTestContextBootstrapper - Neither @ContextConfiguration nor @ContextHierarchy found for test class [io.reflectoring.UserServiceConsumerTest], using SpringBootContextLoader
13:55:46.173 [Test worker] DEBUG org.springframework.test.context.support.AbstractContextLoader - Did not detect default resource location for test class [io.reflectoring.UserServiceConsumerTest]: class path resource [io/reflectoring/UserServiceConsumerTest-context.xml] does not exist
13:55:46.173 [Test worker] DEBUG org.springframework.test.context.support.AbstractContextLoader - Did not detect default resource location for test class [io.reflectoring.UserServiceConsumerTest]: class path resource [io/reflectoring/UserServiceConsumerTestContext.groovy] does not exist
13:55:46.173 [Test worker] INFO org.springframework.test.context.support.AbstractContextLoader - Could not detect default resource locations for test class [io.reflectoring.UserServiceConsumerTest]: no resource found for suffixes {-context.xml, Context.groovy}.
13:55:46.174 [Test worker] INFO org.springframework.test.context.support.AnnotationConfigContextLoaderUtils - Could not detect default configuration classes for test class [io.reflectoring.UserServiceConsumerTest]: UserServiceConsumerTest does not declare any static, non-private, non-final, nested classes annotated with @Configuration.
13:55:46.222 [Test worker] DEBUG org.springframework.test.context.support.ActiveProfilesUtils - Could not find an 'annotation declaring class' for annotation type [org.springframework.test.context.ActiveProfiles] and class [io.reflectoring.UserServiceConsumerTest]
13:55:46.231 [Test worker] DEBUG org.springframework.core.env.StandardEnvironment - Adding PropertySource 'systemProperties' with lowest search precedence
13:55:46.231 [Test worker] DEBUG org.springframework.core.env.StandardEnvironment - Adding PropertySource 'systemEnvironment' with lowest search precedence
13:55:46.232 [Test worker] DEBUG org.springframework.core.env.StandardEnvironment - Initialized StandardEnvironment with PropertySources [MapPropertySource@565874799 {name='systemProperties', properties={java.runtime.name=Java(TM) SE Runtime Environment, sun.boot.library.path=C:\Program Files\Java\jdk1.8.0_161\jre\bin, java.vm.version=25.161-b12, java.vm.vendor=Oracle Corporation, java.vendor.url=http://java.oracle.com/, path.separator=;, java.vm.name=Java HotSpot(TM) 64-Bit Server VM, file.encoding.pkg=sun.io, user.script=, sun.java.launcher=SUN_STANDARD, user.country=DE, sun.os.patch.level=, java.vm.specification.name=Java Virtual Machine Specification, user.dir=C:\git-repositories\cdc-workshop\consumer\pact-feign-consumer, java.runtime.version=1.8.0_161-b12, java.awt.graphicsenv=sun.awt.Win32GraphicsEnvironment, java.endorsed.dirs=C:\Program Files\Java\jdk1.8.0_161\jre\lib\endorsed, os.arch=amd64, java.io.tmpdir=C:\Users\luediger\AppData\Local\Temp\, line.separator=
, java.vm.specification.vendor=Oracle Corporation, user.variant=, os.name=Windows 10, sun.jnu.encoding=Cp1252, java.library.path=C:\Program Files\Java\jdk1.8.0_161\bin;C:\WINDOWS\Sun\Java\bin;C:\WINDOWS\system32;C:\WINDOWS;C:\Program Files\Docker\Docker\Resources\bin;C:\ProgramData\Oracle\Java\javapath;C:\WINDOWS\system32;C:\WINDOWS;C:\WINDOWS\System32\Wbem;C:\WINDOWS\System32\WindowsPowerShell\v1.0\;C:\Program Files\gradle\bin;C:\Program Files\maven\bin;C:\Program Files\nodejs\;C:\Ruby24-x64\bin;C:\Users\luediger\AppData\Local\Microsoft\WindowsApps;C:\Users\luediger\AppData\Roaming\npm;., java.specification.name=Java Platform API Specification, java.class.version=52.0, org.gradle.native=false, sun.management.compiler=HotSpot 64-Bit Tiered Compilers, os.version=10.0, user.home=C:\Users\luediger, user.timezone=Europe/Berlin, java.awt.printerjob=sun.awt.windows.WPrinterJob, file.encoding=windows-1252, java.specification.version=1.8, java.class.path=C:\git-repositories\cdc-workshop\consumer\pact-feign-consumer\build\classes\java\test;C:\git-repositories\cdc-workshop\consumer\pact-feign-consumer\build\resources\test;C:\git-repositories\cdc-workshop\consumer\pact-feign-consumer\build\classes\java\main;C:\git-repositories\cdc-workshop\consumer\pact-feign-consumer\build\resources\main;C:\Users\luediger\.gradle\caches\modules-2\files-2.1\org.springframework.boot\spring-boot-starter-data-jpa\2.0.4.RELEASE\69970d3a7c353d8e727e2c6b2a9e621114f5e089\spring-boot-starter-data-jpa-2.0.4.RELEASE.jar;C:\Users\luediger\.gradle\caches\modules-2\files-2.1\org.springframework.boot\spring-boot-starter-web\2.0.4.RELEASE\98d49e981ecf804da877d84259b7b0d1ec2fb6f6\spring-boot-starter-web-2.0.4.RELEASE.jar;C:\Users\luediger\.gradle\caches\modules-2\files-2.1\org.springframework.cloud\spring-cloud-starter-openfeign\2.0.1.RELEASE\89daa86028b44292dba2be5dcc867875dba4d20c\spring-cloud-starter-openfeign-2.0.1.RELEASE.jar;C:\Users\luediger\.gradle\caches\modules-2\files-2.1\org.springframework.cloud\spring-cloud-starter-netflix-ribbon\2.0.1.RELEASE\6e4398a28ce25d4c323149ce56fb04cf7dd7ca59\spring-cloud-starter-netflix-ribbon-2.0.1.RELEASE.jar;C:\Users\luediger\.gradle\caches\modules-2\files-2.1\com.h2database\h2\1.4.196\dd0034398d593aa3588c6773faac429bbd9aea0e\h2-1.4.196.jar;C:\Users\luediger\.gradle\caches\modules-2\files-2.1\au.com.dius\pact-jvm-consumer-junit5_2.12\3.5.20\7a6c12e5689febb6310e4a4da9a431ed7260fe5b\pact-jvm-consumer-junit5_2.12-3.5.20.jar;C:\Users\luediger\.gradle\caches\modules-2\files-2.1\au.com.dius\pact-jvm-consumer_2.12\3.5.20\3dd7fefc6e6dca120a04fd19caf865eda07b28f9\pact-jvm-consumer_2.12-3.5.20.jar;C:\Users\luediger\.gradle\caches\modules-2\files-2.1\au.com.dius\pact-jvm-matchers_2.12\3.5.20\d09d2b28299962a9c194285bc892a88630aa052d\pact-jvm-matchers_2.12-3.5.20.jar;C:\Users\luediger\.gradle\caches\modules-2\files-2.1\au.com.dius\pact-jvm-model\3.5.20\917fb5d0357339d42bd329c27cacc213134bf2cc\pact-jvm-model-3.5.20.jar;C:\Users\luediger\.gradle\caches\modules-2\files-2.1\au.com.dius\pact-jvm-pact-broker\3.5.20\b804482997b36cc7645f657fb3ee4220a0fa1c0e\pact-jvm-pact-broker-3.5.20.jar;C:\Users\luediger\.gradle\caches\modules-2\files-2.1\org.codehaus.groovy\groovy-all\2.4.6\478feadca929a946b2f1fb962bb2179264759821\groovy-all-2.4.6.jar;C:\Users\luediger\.gradle\caches\modules-2\files-2.1\org.codehaus.groovy\groovy-all\2.4.6\36a422446818a73342ff6c49d857e51a34b7b214\groovy-all-2.4.6-indy.jar;C:\Users\luediger\.gradle\caches\modules-2\files-2.1\org.springframework.boot\spring-boot-starter-test\2.0.4.RELEASE\8f473705d2742b669f0318f10a956f94a93ba3d2\spring-boot-starter-test-2.0.4.RELEASE.jar;C:\Users\luediger\.gradle\caches\modules-2\files-2.1\org.junit.jupiter\junit-jupiter-engine\5.1.0\c54b96b465bb5b49c7708d734a4180dd95422754\junit-jupiter-engine-5.1.0.jar;C:\Users\luediger\.gradle\caches\modules-2\files-2.1\org.springframework.cloud\spring-cloud-openfeign-core\2.0.1.RELEASE\92dce6abc7da44d76a824ecaa75881f92adfc885\spring-cloud-openfeign-core-2.0.1.RELEASE.jar;C:\Users\luediger\.gradle\caches\modules-2\files-2.1\org.springframework.boot\spring-boot-starter-aop\2.0.4.RELEASE\5e963eb965b72e113a05351c482e3d613f04e59d\spring-boot-starter-aop-2.0.4.RELEASE.jar;C:\Users\luediger\.gradle\caches\modules-2\files-2.1\org.springframework.boot\spring-boot-starter-jdbc\2.0.4.RELEASE\3e9b13a3bee8b8f9b2b9fde4f9e9aac0ccf2b3ba\spring-boot-starter-jdbc-2.0.4.RELEASE.jar;C:\Users\luediger\.gradle\caches\modules-2\files-2.1\org.springframework.boot\spring-boot-starter-json\2.0.4.RELEASE\c7afabf0d7c85db178da4ce0634e3bd2ddb0eb71\spring-boot-starter-json-2.0.4.RELEASE.jar;C:\Users\luediger\.gradle\caches\modules-2\files-2.1\org.springframework.cloud\spring-cloud-starter-netflix-archaius\2.0.1.RELEASE\c03a70287c597da9e2cf2b543a294fcd31e15a7a\spring-cloud-starter-netflix-archaius-2.0.1.RELEASE.jar;C:\Users\luediger\.gradle\caches\modules-2\files-2.1\org.springframework.cloud\spring-cloud-starter\2.0.1.RELEASE\221e7d87368cc7cd69a89d0a73be7fa17151e340\spring-cloud-starter-2.0.1.RELEASE.jar;C:\Users\luediger\.gradle\caches\modules-2\files-2.1\org.springframework.boot\spring-boot-starter\2.0.4.RELEASE\ec46c63a2adeee40058eff1a6baefca13975dc94\spring-boot-starter-2.0.4.RELEASE.jar;C:\Users\luediger\.m2\repository\org\hibernate\hibernate-core\5.2.17.Final\hibernate-core-5.2.17.Final.jar;C:\Users\luediger\.m2\repository\javax\transaction\javax.transaction-api\1.2\javax.transaction-api-1.2.jar;C:\Users\luediger\.gradle\caches\modules-2\files-2.1\org.springframework.data\spring-data-jpa\2.0.9.RELEASE\30acb36f682367d93ed400b4324fe2559f0fcb\spring-data-jpa-2.0.9.RELEASE.jar;C:\Users\luediger\.gradle\caches\modules-2\files-2.1\org.springframework\spring-aspects\5.0.8.RELEASE\e66926466b8c72658d7e536923041dc93976baf3\spring-aspects-5.0.8.RELEASE.jar;C:\Users\luediger\.gradle\caches\modules-2\files-2.1\org.springframework.boot\spring-boot-starter-tomcat\2.0.4.RELEASE\dcf28989a34b0801fea0e810c371fb9dab1e7784\spring-boot-starter-tomcat-2.0.4.RELEASE.jar;C:\Users\luediger\.gradle\caches\modules-2\files-2.1\org.hibernate.validator\hibernate-validator\6.0.11.Final\36f9d10a11e4768f55e8fb91ebe4338a5c43954e\hibernate-validator-6.0.11.Final.jar;C:\Users\luediger\.gradle\caches\modules-2\files-2.1\org.springframework\spring-webmvc\5.0.8.RELEASE\7e5fe57590ca8e4468e50fe1d92b0b67aa4a327a\spring-webmvc-5.0.8.RELEASE.jar;C:\Users\luediger\.gradle\caches\modules-2\files-2.1\org.springframework\spring-web\5.0.8.RELEASE\fa43cdadb4ab2491fd1d0ddb06c0808e4b60fc85\spring-web-5.0.8.RELEASE.jar;C:\Users\luediger\.gradle\caches\modules-2\files-2.1\org.springframework.cloud\spring-cloud-commons\2.0.1.RELEASE\302b01ad5b666d2314e6462804ddd7325acf6b75\spring-cloud-commons-2.0.1.RELEASE.jar;C:\Users\luediger\.gradle\caches\modules-2\files-2.1\io.github.openfeign\feign-slf4j\9.5.1\4770c5f4ad5d9014c161a86ff67891f81af409f1\feign-slf4j-9.5.1.jar;C:\Users\luediger\.gradle\caches\modules-2\files-2.1\io.github.openfeign\feign-hystrix\9.5.1\f9efeb59ff2380447dc75863eb7e4ecf054891c\feign-hystrix-9.5.1.jar;C:\Users\luediger\.gradle\caches\modules-2\files-2.1\io.github.openfeign\feign-java8\9.5.1\598f938d41e60e87e4a9f6f859c7254645d8877c\feign-java8-9.5.1.jar;C:\Users\luediger\.gradle\caches\modules-2\files-2.1\io.github.openfeign\feign-core\9.5.1\590613b1bd18ec0396391fb259e00b7d685ee3e6\feign-core-9.5.1.jar;C:\Users\luediger\.gradle\caches\modules-2\files-2.1\org.springframework.cloud\spring-cloud-netflix-ribbon\2.0.1.RELEASE\57cf27d40bec021566d0084243179ad862879abc\spring-cloud-netflix-ribbon-2.0.1.RELEASE.jar;C:\Users\luediger\.gradle\caches\modules-2\files-2.1\com.netflix.ribbon\ribbon\2.2.5\3f97c8acfc68c35012f00d10b9ac63fc8f48d790\ribbon-2.2.5.jar;C:\Users\luediger\.gradle\caches\modules-2\files-2.1\com.netflix.ribbon\ribbon-httpclient\2.2.5\e2662937935d218f2c63105f6df39c3dfa0d06a1\ribbon-httpclient-2.2.5.jar;C:\Users\luediger\.gradle\caches\modules-2\files-2.1\com.netflix.ribbon\ribbon-transport\2.2.5\7c8e321322a98c72a36f4a81f84cafe21273c010\ribbon-transport-2.2.5.jar;C:\Users\luediger\.gradle\caches\modules-2\files-2.1\com.netflix.ribbon\ribbon-loadbalancer\2.2.5\5f713ef0b8d01580666face5e91d8c6af1daa468\ribbon-loadbalancer-2.2.5.jar;C:\Users\luediger\.gradle\caches\modules-2\files-2.1\com.netflix.ribbon\ribbon-core\2.2.5\80b6fe934799269073e69c5d7e67334459ef7e2e\ribbon-core-2.2.5.jar;C:\Users\luediger\.gradle\caches\modules-2\files-2.1\com.netflix.hystrix\hystrix-core\1.5.12\75379b6671fcaa9cec33035df684a68ec7741ca6\hystrix-core-1.5.12.jar;C:\Users\luediger\.gradle\caches\modules-2\files-2.1\io.reactivex\rxnetty-contexts\0.4.9\6efe17a25602a5424c18ab975aa9c28b6d6b7f56\rxnetty-contexts-0.4.9.jar;C:\Users\luediger\.gradle\caches\modules-2\files-2.1\io.reactivex\rxnetty-servo\0.4.9\b7d6d6e132686c280f16710eaa3e90719f6808f8\rxnetty-servo-0.4.9.jar;C:\Users\luediger\.gradle\caches\modules-2\files-2.1\io.reactivex\rxnetty\0.4.9\5aff3c9d6bb9d9066c378bb3d2a4413ed1773bcf\rxnetty-0.4.9.jar;C:\Users\luediger\.gradle\caches\modules-2\files-2.1\io.reactivex\rxjava\1.2.0\42bfaf64c94f3848ebf5cf1c2ea4ec9d1b3ac6c8\rxjava-1.2.0.jar;C:\Users\luediger\.gradle\caches\modules-2\files-2.1\org.jetbrains.kotlin\kotlin-stdlib-jdk8\1.2.51\68faa6fb7e32a7665a6849f242bc621c3ed48101\kotlin-stdlib-jdk8-1.2.51.jar;C:\Users\luediger\.m2\repository\org\jetbrains\kotlin\kotlin-reflect\1.2.51\kotlin-reflect-1.2.51.jar;C:\Users\luediger\.gradle\caches\modules-2\files-2.1\io.github.microutils\kotlin-logging\1.4.4\b99f59fa242e55dbf5b6984fd7b4db73ef0850ae\kotlin-logging-1.4.4.jar;C:\Users\luediger\.gradle\caches\modules-2\files-2.1\com.typesafe.scala-logging\scala-logging_2.12\3.7.2\a1dc97509765287faa4747f7cb411f0b85dc9a34\scala-logging_2.12-3.7.2.jar;C:\Users\luediger\.m2\repository\com\jayway\jsonpath\json-path\2.4.0\json-path-2.4.0.jar;C:\Users\luediger\.m2\repository\com\zaxxer\HikariCP\2.7.9\HikariCP-2.7.9.jar;C:\Users\luediger\.gradle\caches\modules-2\files-2.1\org.springframework.data\spring-data-commons\2.0.9.RELEASE\9c8f3ea29c9dd6e4c41876c46e9f5f4987390beb\spring-data-commons-2.0.9.RELEASE.jar;C:\Users\luediger\.gradle\caches\modules-2\files-2.1\com.netflix.archaius\archaius-core\0.7.6\be0c1024d08ad68ec25f9f32b0e9df1ab7ecb45b\archaius-core-0.7.6.jar;C:\Users\luediger\.gradle\caches\modules-2\files-2.1\com.netflix.servo\servo-core\0.12.21\f56c3bf161217be98fbe4135adf8480590db9c37\servo-core-0.12.21.jar;C:\Users\luediger\.gradle\caches\modules-2\files-2.1\com.netflix.netflix-commons\netflix-commons-util\0.3.0\8a6ffc41308c300197918eff3df1a7447ddaf468\netflix-commons-util-0.3.0.jar;C:\Users\luediger\.gradle\caches\modules-2\files-2.1\com.netflix.netflix-commons\netflix-statistics\0.1.1\12f6e48253f9cafa0e24d7d232ff504c52143212\netflix-statistics-0.1.1.jar;C:\Users\luediger\.gradle\caches\modules-2\files-2.1\org.springframework.boot\spring-boot-starter-logging\2.0.4.RELEASE\dcd1a2c431c970f44adae64d9145133979a513ab\spring-boot-starter-logging-2.0.4.RELEASE.jar;C:\Users\luediger\.m2\repository\ch\qos\logback\logback-classic\1.2.3\logback-classic-1.2.3.jar;C:\Users\luediger\.m2\repository\org\apache\logging\log4j\log4j-to-slf4j\2.10.0\log4j-to-slf4j-2.10.0.jar;C:\Users\luediger\.m2\repository\org\slf4j\jul-to-slf4j\1.7.25\jul-to-slf4j-1.7.25.jar;C:\Users\luediger\.m2\repository\org\slf4j\slf4j-api\1.7.25\slf4j-api-1.7.25.jar;C:\Users\luediger\.gradle\caches\modules-2\files-2.1\ws.unfiltered\unfiltered-netty-server_2.12\0.9.1\22585defcd0d8f2da3b4b92cb868d71b92df9f4a\unfiltered-netty-server_2.12-0.9.1.jar;C:\Users\luediger\.gradle\caches\modules-2\files-2.1\org.scala-lang.modules\scala-java8-compat_2.12\0.8.0\1e6f1e745bf6d3c34d1e2ab150653306069aaf34\scala-java8-compat_2.12-0.8.0.jar;C:\Users\luediger\.gradle\caches\modules-2\files-2.1\ws.unfiltered\unfiltered-netty_2.12\0.9.1\ce69dae167fcb663c46acf97c26839ce4dddf561\unfiltered-netty_2.12-0.9.1.jar;C:\Users\luediger\.gradle\caches\modules-2\files-2.1\ws.unfiltered\unfiltered_2.12\0.9.1\9dcc4ac3c0f7e39cedfef273326c99576656ad52\unfiltered_2.12-0.9.1.jar;C:\Users\luediger\.gradle\caches\modules-2\files-2.1\org.scala-lang.modules\scala-xml_2.12\1.0.6\e22de3366a698a9f744106fb6dda4335838cf6a7\scala-xml_2.12-1.0.6.jar;C:\Users\luediger\.gradle\caches\modules-2\files-2.1\ws.unfiltered\unfiltered-util_2.12\0.9.1\1375d30162df11514de6d41a92366444d847ab99\unfiltered-util_2.12-0.9.1.jar;C:\Users\luediger\.gradle\caches\modules-2\files-2.1\org.scala-lang\scala-library\2.12.5\4861b00d921952f2dc9a024198bc72590fd7dc5e\scala-library-2.12.5.jar;C:\Users\luediger\.gradle\caches\modules-2\files-2.1\org.junit.jupiter\junit-jupiter-api\5.1.1\fcca73c9c2825c9a966380c6d146a71acba233ca\junit-jupiter-api-5.1.1.jar;C:\Users\luediger\.gradle\caches\modules-2\files-2.1\org.springframework.boot\spring-boot-test-autoconfigure\2.0.4.RELEASE\8a2e3f31e607fdb08deda2f59263ce177f1c4310\spring-boot-test-autoconfigure-2.0.4.RELEASE.jar;C:\Users\luediger\.gradle\caches\modules-2\files-2.1\org.springframework.boot\spring-boot-test\2.0.4.RELEASE\8a17fc3cf16b6d75f2ba132ade04409a670095de\spring-boot-test-2.0.4.RELEASE.jar;C:\Users\luediger\.m2\repository\junit\junit\4.12\junit-4.12.jar;C:\Users\luediger\.m2\repository\org\assertj\assertj-core\3.9.1\assertj-core-3.9.1.jar;C:\Users\luediger\.m2\repository\org\mockito\mockito-core\2.15.0\mockito-core-2.15.0.jar;C:\Users\luediger\.m2\repository\org\hamcrest\hamcrest-library\1.3\hamcrest-library-1.3.jar;C:\Users\luediger\.m2\repository\org\hamcrest\hamcrest-core\1.3\hamcrest-core-1.3.jar;C:\Users\luediger\.m2\repository\org\skyscreamer\jsonassert\1.5.0\jsonassert-1.5.0.jar;C:\Users\luediger\.gradle\caches\modules-2\files-2.1\org.springframework\spring-test\5.0.8.RELEASE\5782619373bd7e7b7d9106203c317b04bb613ebb\spring-test-5.0.8.RELEASE.jar;C:\Users\luediger\.gradle\caches\modules-2\files-2.1\org.springframework.boot\spring-boot-autoconfigure\2.0.4.RELEASE\65cd1244d606acc02ab7bfc47a203a3fe2400dda\spring-boot-autoconfigure-2.0.4.RELEASE.jar;C:\Users\luediger\.gradle\caches\modules-2\files-2.1\org.springframework.boot\spring-boot\2.0.4.RELEASE\c8619c5b06d4dcdb4cac1e5e9c839e6e8b1c8574\spring-boot-2.0.4.RELEASE.jar;C:\Users\luediger\.gradle\caches\modules-2\files-2.1\org.springframework\spring-orm\5.0.8.RELEASE\4da63072d1ed6a2eb4bc0a4c8da5e09f39b5021e\spring-orm-5.0.8.RELEASE.jar;C:\Users\luediger\.gradle\caches\modules-2\files-2.1\org.springframework\spring-jdbc\5.0.8.RELEASE\efcf5f0ccaaa9deec2d9133c9d6bfbb7e55370ff\spring-jdbc-5.0.8.RELEASE.jar;C:\Users\luediger\.gradle\caches\modules-2\files-2.1\org.springframework\spring-context\5.0.8.RELEASE\3a067d8990761111c9b6d1d895640be26cc1fb38\spring-context-5.0.8.RELEASE.jar;C:\Users\luediger\.gradle\caches\modules-2\files-2.1\org.springframework\spring-tx\5.0.8.RELEASE\b6488db6192f71bd682a13b9d42127307631c616\spring-tx-5.0.8.RELEASE.jar;C:\Users\luediger\.gradle\caches\modules-2\files-2.1\org.springframework\spring-aop\5.0.8.RELEASE\f5086c1a3185c481104511837427b39a07a57aa2\spring-aop-5.0.8.RELEASE.jar;C:\Users\luediger\.gradle\caches\modules-2\files-2.1\org.springframework\spring-beans\5.0.8.RELEASE\5fc965d3e7f5515099244857a8ae9e2a208c169b\spring-beans-5.0.8.RELEASE.jar;C:\Users\luediger\.gradle\caches\modules-2\files-2.1\org.springframework\spring-expression\5.0.8.RELEASE\f23158f22c917df2cddf2ecebc398a9e95f95fae\spring-expression-5.0.8.RELEASE.jar;C:\Users\luediger\.gradle\caches\modules-2\files-2.1\org.springframework\spring-core\5.0.8.RELEASE\dc39c49e3246cdf73d3786ac41119140aed3fa08\spring-core-5.0.8.RELEASE.jar;C:\Users\luediger\.m2\repository\org\xmlunit\xmlunit-core\2.5.1\xmlunit-core-2.5.1.jar;C:\Users\luediger\.gradle\caches\modules-2\files-2.1\org.junit.platform\junit-platform-engine\1.1.0\2596bd4d909e7ea8d029272db4338075445d731b\junit-platform-engine-1.1.0.jar;C:\Users\luediger\.gradle\caches\modules-2\files-2.1\org.junit.platform\junit-platform-commons\1.1.1\36fca464a84454cf56ae2759a8ba18d6d99d1113\junit-platform-commons-1.1.1.jar;C:\Users\luediger\.gradle\caches\modules-2\files-2.1\org.apiguardian\apiguardian-api\1.0.0\3ef5276905e36f4d8055fe3cb0bdcc7503ffc85d\apiguardian-api-1.0.0.jar;C:\Users\luediger\.m2\repository\javax\annotation\javax.annotation-api\1.3.2\javax.annotation-api-1.3.2.jar;C:\Users\luediger\.m2\repository\org\yaml\snakeyaml\1.19\snakeyaml-1.19.jar;C:\Users\luediger\.m2\repository\org\aspectj\aspectjweaver\1.8.13\aspectjweaver-1.8.13.jar;C:\Users\luediger\.m2\repository\org\hibernate\common\hibernate-commons-annotations\5.0.1.Final\hibernate-commons-annotations-5.0.1.Final.jar;C:\Users\luediger\.m2\repository\org\jboss\logging\jboss-logging\3.3.2.Final\jboss-logging-3.3.2.Final.jar;C:\Users\luediger\.m2\repository\org\hibernate\javax\persistence\hibernate-jpa-2.1-api\1.0.2.Final\hibernate-jpa-2.1-api-1.0.2.Final.jar;C:\Users\luediger\.m2\repository\org\javassist\javassist\3.22.0-GA\javassist-3.22.0-GA.jar;C:\Users\luediger\.m2\repository\antlr\antlr\2.7.7\antlr-2.7.7.jar;C:\Users\luediger\.m2\repository\org\jboss\jandex\2.0.3.Final\jandex-2.0.3.Final.jar;C:\Users\luediger\.m2\repository\com\fasterxml\classmate\1.3.4\classmate-1.3.4.jar;C:\Users\luediger\.m2\repository\dom4j\dom4j\1.6.1\dom4j-1.6.1.jar;C:\Users\luediger\.m2\repository\com\fasterxml\jackson\datatype\jackson-datatype-jdk8\2.9.6\jackson-datatype-jdk8-2.9.6.jar;C:\Users\luediger\.m2\repository\com\fasterxml\jackson\datatype\jackson-datatype-jsr310\2.9.6\jackson-datatype-jsr310-2.9.6.jar;C:\Users\luediger\.m2\repository\com\fasterxml\jackson\module\jackson-module-parameter-names\2.9.6\jackson-module-parameter-names-2.9.6.jar;C:\Users\luediger\.gradle\caches\modules-2\files-2.1\com.amazonaws\aws-java-sdk-s3\1.11.336\94eabca535897b3f71de7df4536e61eec159ad0\aws-java-sdk-s3-1.11.336.jar;C:\Users\luediger\.gradle\caches\modules-2\files-2.1\com.amazonaws\aws-java-sdk-kms\1.11.336\acb59583e19fb1daaafaa0cc8d94daaf6ee56d85\aws-java-sdk-kms-1.11.336.jar;C:\Users\luediger\.gradle\caches\modules-2\files-2.1\com.amazonaws\aws-java-sdk-core\1.11.336\843b0108a4a0d437182c3b155cda229d78c66c47\aws-java-sdk-core-1.11.336.jar;C:\Users\luediger\.gradle\caches\modules-2\files-2.1\com.amazonaws\jmespath-java\1.11.336\2ffaab56cec055a6e63aeb569d69fead74261dc5\jmespath-java-1.11.336.jar;C:\Users\luediger\.m2\repository\com\fasterxml\jackson\core\jackson-databind\2.9.6\jackson-databind-2.9.6.jar;C:\Users\luediger\.gradle\caches\modules-2\files-2.1\org.apache.tomcat.embed\tomcat-embed-websocket\8.5.32\ea5302e378f1449d4e5dda79e8d810c1e7931f91\tomcat-embed-websocket-8.5.32.jar;C:\Users\luediger\.gradle\caches\modules-2\files-2.1\org.apache.tomcat.embed\tomcat-embed-core\8.5.32\6bc6896200146010cc4666bdc6b9b0cbb453ee22\tomcat-embed-core-8.5.32.jar;C:\Users\luediger\.gradle\caches\modules-2\files-2.1\org.apache.tomcat.embed\tomcat-embed-el\8.5.32\e4fd0ee015d83fa1c5ec93ff1d05bdaf9a4480c5\tomcat-embed-el-8.5.32.jar;C:\Users\luediger\.m2\repository\javax\validation\validation-api\2.0.1.Final\validation-api-2.0.1.Final.jar;C:\Users\luediger\.gradle\caches\modules-2\files-2.1\org.springframework.cloud\spring-cloud-context\2.0.1.RELEASE\a0d15068d4100c9a03c1e67f802c71007a933277\spring-cloud-context-2.0.1.RELEASE.jar;C:\Users\luediger\.gradle\caches\modules-2\files-2.1\org.springframework.security\spring-security-rsa\1.0.5.RELEASE\31bd1111ada2f455eb0f492ed09e39deda18ca99\spring-security-rsa-1.0.5.RELEASE.jar;C:\Users\luediger\.gradle\caches\modules-2\files-2.1\org.springframework.security\spring-security-crypto\5.0.7.RELEASE\51112a1fdcd0d4964f74bcba8355d536b53ae9a8\spring-security-crypto-5.0.7.RELEASE.jar;C:\Users\luediger\.gradle\caches\modules-2\files-2.1\org.springframework.cloud\spring-cloud-netflix-archaius\2.0.1.RELEASE\61f2e557d66e11c320189eaec11074b47c786f89\spring-cloud-netflix-archaius-2.0.1.RELEASE.jar;C:\Users\luediger\.gradle\caches\modules-2\files-2.1\commons-configuration\commons-configuration\1.8\6cce40435bcd8018018f16898de01976b319941a\commons-configuration-1.8.jar;C:\Users\luediger\.m2\repository\javax\inject\javax.inject\1\javax.inject-1.jar;C:\Users\luediger\.m2\repository\com\google\guava\guava\19.0\guava-19.0.jar;C:\Users\luediger\.m2\repository\commons-lang\commons-lang\2.6\commons-lang-2.6.jar;C:\Users\luediger\.m2\repository\commons-collections\commons-collections\3.2.2\commons-collections-3.2.2.jar;C:\Users\luediger\.gradle\caches\modules-2\files-2.1\com.sun.jersey.contribs\jersey-apache-client4\1.19.1\e1c45701a003097ace96bed4bc8fb937e9867498\jersey-apache-client4-1.19.1.jar;C:\Users\luediger\.gradle\caches\modules-2\files-2.1\org.apache.httpcomponents\httpmime\4.5.6\164343da11db817e81e24e0d9869527e069850c9\httpmime-4.5.6.jar;C:\Users\luediger\.gradle\caches\modules-2\files-2.1\org.apache.httpcomponents\fluent-hc\4.5.6\7f4b2ccd83078e3bb87c8ad280ec074c04c7e4a4\fluent-hc-4.5.6.jar;C:\Users\luediger\.gradle\caches\modules-2\files-2.1\org.apache.httpcomponents\httpclient\4.5.6\1afe5621985efe90a92d0fbc9be86271efbe796f\httpclient-4.5.6.jar;C:\Users\luediger\.gradle\caches\modules-2\files-2.1\com.sun.jersey\jersey-client\1.19.1\2df97ebd4e5c01599584c45caa3aeb563d268eef\jersey-client-1.19.1.jar;C:\Users\luediger\.gradle\caches\modules-2\files-2.1\org.jetbrains.kotlin\kotlin-stdlib-jdk7\1.2.51\a37c0066df119c02f034bf17159089b588ccc41a\kotlin-stdlib-jdk7-1.2.51.jar;C:\Users\luediger\.gradle\caches\modules-2\files-2.1\com.github.salomonbrys.kotson\kotson\2.5.0\40daf22108aa4436d46257e14cc48447cca542c3\kotson-2.5.0.jar;C:\Users\luediger\.m2\repository\org\jetbrains\kotlin\kotlin-stdlib\1.2.51\kotlin-stdlib-1.2.51.jar;C:\Users\luediger\.gradle\caches\modules-2\files-2.1\com.googlecode.java-diff-utils\diffutils\1.3.0\7e060dd5b19431e6d198e91ff670644372f60fbd\diffutils-1.3.0.jar;C:\Users\luediger\.gradle\caches\modules-2\files-2.1\com.github.mifmif\generex\1.0.1\d8b3573e6d59f0a61dfc37f85dd568ad3bf49e83\generex-1.0.1.jar;C:\Users\luediger\.gradle\caches\modules-2\files-2.1\dk.brics.automaton\automaton\1.11-8\6ebfa65eb431ff4b715a23be7a750cbc4cc96d0f\automaton-1.11-8.jar;C:\Users\luediger\.gradle\caches\modules-2\files-2.1\org.json\json\20160212\a742e3f85161835b95877478c5dd5b405cefaab9\json-20160212.jar;C:\Users\luediger\.gradle\caches\modules-2\files-2.1\io.netty\netty-handler\4.1.27.Final\21bd9cf565390a8d72579b8664303e3c175dfc6a\netty-handler-4.1.27.Final.jar;C:\Users\luediger\.gradle\caches\modules-2\files-2.1\org.opentest4j\opentest4j\1.0.0\6f09c598e9ff64bf0ce2fa7e7de49a99ba83c0b4\opentest4j-1.0.0.jar;C:\Users\luediger\.m2\repository\net\minidev\json-smart\2.3\json-smart-2.3.jar;C:\Users\luediger\.m2\repository\net\bytebuddy\byte-buddy\1.7.11\byte-buddy-1.7.11.jar;C:\Users\luediger\.m2\repository\net\bytebuddy\byte-buddy-agent\1.7.11\byte-buddy-agent-1.7.11.jar;C:\Users\luediger\.m2\repository\org\objenesis\objenesis\2.6\objenesis-2.6.jar;C:\Users\luediger\.m2\repository\com\vaadin\external\google\android-json\0.0.20131108.vaadin1\android-json-0.0.20131108.vaadin1.jar;C:\Users\luediger\.gradle\caches\modules-2\files-2.1\org.springframework\spring-jcl\5.0.8.RELEASE\a1fa8fb560fb252321776e16bc9ac8201af4ef5e\spring-jcl-5.0.8.RELEASE.jar;C:\Users\luediger\.m2\repository\com\fasterxml\jackson\core\jackson-annotations\2.9.0\jackson-annotations-2.9.0.jar;C:\Users\luediger\.m2\repository\com\fasterxml\jackson\dataformat\jackson-dataformat-cbor\2.9.6\jackson-dataformat-cbor-2.9.6.jar;C:\Users\luediger\.m2\repository\com\fasterxml\jackson\core\jackson-core\2.9.6\jackson-core-2.9.6.jar;C:\Users\luediger\.gradle\caches\modules-2\files-2.1\org.bouncycastle\bcpkix-jdk15on\1.56\4648af70268b6fdb24674fb1fd7c1fcc73db1231\bcpkix-jdk15on-1.56.jar;C:\Users\luediger\.gradle\caches\modules-2\files-2.1\com.google.code.findbugs\jsr305\3.0.1\f7be08ec23c21485b9b5a1cf1654c2ec8c58168d\jsr305-3.0.1.jar;C:\Users\luediger\.m2\repository\org\hdrhistogram\HdrHistogram\2.1.9\HdrHistogram-2.1.9.jar;C:\Users\luediger\.gradle\caches\modules-2\files-2.1\io.netty\netty-codec-http\4.1.27.Final\a1722d6bcbbef1c4c7877e8bf38b07a3db5ed07f\netty-codec-http-4.1.27.Final.jar;C:\Users\luediger\.gradle\caches\modules-2\files-2.1\io.netty\netty-transport-native-epoll\4.1.27.Final\addbd481940a3cce57cb5736ecef5db909b7b5d0\netty-transport-native-epoll-4.1.27.Final.jar;C:\Users\luediger\.gradle\caches\modules-2\files-2.1\org.apache.httpcomponents\httpcore\4.4.10\acc54d9b28bdffe4bbde89ed2e4a1e86b5285e2b\httpcore-4.4.10.jar;C:\Users\luediger\.m2\repository\commons-logging\commons-logging\1.2\commons-logging-1.2.jar;C:\Users\luediger\.m2\repository\commons-codec\commons-codec\1.11\commons-codec-1.11.jar;C:\Users\luediger\.gradle\caches\modules-2\files-2.1\com.sun.jersey\jersey-core\1.19.1\4282d106f2acd5051bd9bc2935ed9a2920c9385\jersey-core-1.19.1.jar;C:\Users\luediger\.m2\repository\org\jetbrains\kotlin\kotlin-stdlib-common\1.2.51\kotlin-stdlib-common-1.2.51.jar;C:\Users\luediger\.m2\repository\org\jetbrains\annotations\13.0\annotations-13.0.jar;C:\Users\luediger\.gradle\caches\modules-2\files-2.1\com.github.zafarkhaja\java-semver\0.9.0\59a83ca73c72a5e25b3f0b1bb305230a11000329\java-semver-0.9.0.jar;C:\Users\luediger\.gradle\caches\modules-2\files-2.1\org.apache.commons\commons-collections4\4.1\a4cf4688fe1c7e3a63aa636cc96d013af537768e\commons-collections4-4.1.jar;C:\Users\luediger\.gradle\caches\modules-2\files-2.1\javax.mail\mail\1.5.0-b01\c128515e42609622ce3f7dc0b431026d80bdb688\mail-1.5.0-b01.jar;C:\Users\luediger\.m2\repository\org\apache\commons\commons-lang3\3.7\commons-lang3-3.7.jar;C:\Users\luediger\.gradle\caches\modules-2\files-2.1\io.gatling\jsonpath_2.12\0.6.9\a95b4587535e269fc5c95dea247c33e4c803d152\jsonpath_2.12-0.6.9.jar;C:\Users\luediger\.gradle\caches\modules-2\files-2.1\io.netty\netty-codec\4.1.27.Final\d2653d78ebaa650064768fb26b10051f5c8efb2c\netty-codec-4.1.27.Final.jar;C:\Users\luediger\.gradle\caches\modules-2\files-2.1\io.netty\netty-transport-native-unix-common\4.1.27.Final\2b0667fe5c1df78c6cfbf9d53ad8b1fb533fb8e8\netty-transport-native-unix-common-4.1.27.Final.jar;C:\Users\luediger\.gradle\caches\modules-2\files-2.1\io.netty\netty-transport\4.1.27.Final\b5c2da3ea89dd67320925f1504c9eb3615241b7c\netty-transport-4.1.27.Final.jar;C:\Users\luediger\.gradle\caches\modules-2\files-2.1\io.netty\netty-buffer\4.1.27.Final\aafe2b9fb0d8f3b200cf10b9fd6486c6a722d7a1\netty-buffer-4.1.27.Final.jar;C:\Users\luediger\.m2\repository\net\minidev\accessors-smart\1.2\accessors-smart-1.2.jar;C:\Users\luediger\.m2\repository\ch\qos\logback\logback-core\1.2.3\logback-core-1.2.3.jar;C:\Users\luediger\.m2\repository\org\apache\logging\log4j\log4j-api\2.10.0\log4j-api-2.10.0.jar;C:\Users\luediger\.gradle\caches\modules-2\files-2.1\org.bouncycastle\bcprov-jdk15on\1.56\a153c6f9744a3e9dd6feab5e210e1c9861362ec7\bcprov-jdk15on-1.56.jar;C:\Users\luediger\.gradle\caches\modules-2\files-2.1\io.netty\netty-resolver\4.1.27.Final\2536447ef9605ccb2b5203aa22392c6514484ea9\netty-resolver-4.1.27.Final.jar;C:\Users\luediger\.gradle\caches\modules-2\files-2.1\io.netty\netty-common\4.1.27.Final\6a12a969c27fb37b230c4bde5a67bd822fa6b7a4\netty-common-4.1.27.Final.jar;C:\Users\luediger\.gradle\caches\modules-2\files-2.1\javax.ws.rs\jsr311-api\1.1.1\59033da2a1afd56af1ac576750a8d0b1830d59e6\jsr311-api-1.1.1.jar;C:\Users\luediger\.gradle\caches\modules-2\files-2.1\org.dmfs\rfc3986-uri\0.8\8f5a5de5e891f200d552725dea13767b7d2b6e7\rfc3986-uri-0.8.jar;C:\Users\luediger\.gradle\caches\modules-2\files-2.1\javax.activation\activation\1.1\e6cb541461c2834bdea3eb920f1884d1eb508b50\activation-1.1.jar;C:\Users\luediger\.gradle\caches\modules-2\files-2.1\org.scala-lang.modules\scala-parser-combinators_2.12\1.0.5\3c1c5475ece77c41e18dd971f8f818c091e4961c\scala-parser-combinators_2.12-1.0.5.jar;C:\Users\luediger\.m2\repository\org\ow2\asm\asm\5.0.4\asm-5.0.4.jar;C:\Users\luediger\.gradle\caches\modules-2\files-2.1\com.google.code.gson\gson\2.8.5\f645ed69d595b24d4cf8b3fbb64cc505bede8829\gson-2.8.5.jar;C:\Users\luediger\.gradle\caches\modules-2\files-2.1\org.dmfs\optional\0.3\7cf99cb2b755e43190eb473e591b17b181adf078\optional-0.3.jar;C:\Users\luediger\.gradle\caches\modules-2\files-2.1\org.dmfs\iterators\1.5\2ca5beb926d1d4ab2874bbbeede1b0f161002887\iterators-1.5.jar;C:\Users\luediger\.gradle\caches\modules-2\files-2.1\software.amazon.ion\ion-java\1.0.2\ee9dacea7726e495f8352b81c12c23834ffbc564\ion-java-1.0.2.jar;C:\Users\luediger\.m2\repository\joda-time\joda-time\2.9.9\joda-time-2.9.9.jar, user.name=luediger, java.vm.specification.version=1.8, sun.java.command=worker.org.gradle.process.internal.worker.GradleWorkerMain 'Gradle Test Executor 15', java.home=C:\Program Files\Java\jdk1.8.0_161\jre, sun.arch.data.model=64, user.language=de, java.specification.vendor=Oracle Corporation, awt.toolkit=sun.awt.windows.WToolkit, java.vm.info=mixed mode, java.version=1.8.0_161, java.ext.dirs=C:\Program Files\Java\jdk1.8.0_161\jre\lib\ext;C:\WINDOWS\Sun\Java\lib\ext, sun.boot.class.path=C:\Program Files\Java\jdk1.8.0_161\jre\lib\resources.jar;C:\Program Files\Java\jdk1.8.0_161\jre\lib\rt.jar;C:\Program Files\Java\jdk1.8.0_161\jre\lib\sunrsasign.jar;C:\Program Files\Java\jdk1.8.0_161\jre\lib\jsse.jar;C:\Program Files\Java\jdk1.8.0_161\jre\lib\jce.jar;C:\Program Files\Java\jdk1.8.0_161\jre\lib\charsets.jar;C:\Program Files\Java\jdk1.8.0_161\jre\lib\jfr.jar;C:\Program Files\Java\jdk1.8.0_161\jre\classes, java.vendor=Oracle Corporation, org.gradle.test.worker=15, file.separator=\, java.vendor.url.bug=http://bugreport.sun.com/bugreport/, sun.io.unicode.encoding=UnicodeLittle, sun.cpu.endian=little, sun.desktop=windows, sun.cpu.isalist=amd64}}, SystemEnvironmentPropertySource@1734013174 {name='systemEnvironment', properties={USERDOMAIN_ROAMINGPROFILE=ADESSO, LOCALAPPDATA=C:\Users\luediger\AppData\Local, PROCESSOR_LEVEL=6, USERDOMAIN=ADESSO, LOGONSERVER=\\DTM-LAN-DC02, JAVA_HOME=C:\Program Files\Java\jdk1.8.0_161, SESSIONNAME=Console, ALLUSERSPROFILE=C:\ProgramData, PROCESSOR_ARCHITECTURE=AMD64, PSModulePath=C:\Program Files\WindowsPowerShell\Modules;C:\WINDOWS\system32\WindowsPowerShell\v1.0\Modules, SystemDrive=C:, OneDrive=C:\Users\luediger\OneDrive - adesso Group, APPDATA=C:\Users\luediger\AppData\Roaming, USERNAME=luediger, USERDNSDOMAIN=ADESSO.LOCAL, ProgramFiles(x86)=C:\Program Files (x86), CommonProgramFiles=C:\Program Files\Common Files, Path=C:\Program Files\Docker\Docker\Resources\bin;C:\ProgramData\Oracle\Java\javapath;C:\WINDOWS\system32;C:\WINDOWS;C:\WINDOWS\System32\Wbem;C:\WINDOWS\System32\WindowsPowerShell\v1.0\;C:\Program Files\gradle\bin;C:\Program Files\maven\bin;C:\Program Files\nodejs\;C:\Ruby24-x64\bin;C:\Users\luediger\AppData\Local\Microsoft\WindowsApps;C:\Users\luediger\AppData\Roaming\npm, PATHEXT=.COM;.EXE;.BAT;.CMD;.VBS;.VBE;.JS;.JSE;.WSF;.WSH;.MSC;.RB;.RBW, OS=Windows_NT, COMPUTERNAME=DE-ADN-24S8M12, PROCESSOR_REVISION=3c03, CommonProgramW6432=C:\Program Files\Common Files, ComSpec=C:\WINDOWS\system32\cmd.exe, UATDATA=C:\WINDOWS\CCM\UATData\D9F8C395-CAB8-491d-B8AC-179A1FE1BE77, ProgramData=C:\ProgramData, ProgramW6432=C:\Program Files, HOMEPATH=\Users\luediger, SystemRoot=C:\WINDOWS, TEMP=C:\Users\luediger\AppData\Local\Temp, HOMEDRIVE=C:, PROCESSOR_IDENTIFIER=Intel64 Family 6 Model 60 Stepping 3, GenuineIntel, USERPROFILE=C:\Users\luediger, TMP=C:\Users\luediger\AppData\Local\Temp, CommonProgramFiles(x86)=C:\Program Files (x86)\Common Files, ProgramFiles=C:\Program Files, PUBLIC=C:\Users\Public, NUMBER_OF_PROCESSORS=8, windir=C:\WINDOWS, =::=::\}}]
13:55:46.249 [Test worker] DEBUG org.springframework.core.io.support.PathMatchingResourcePatternResolver - Resolved classpath location [io/reflectoring/] to resources [URL [file:/C:/git-repositories/cdc-workshop/consumer/pact-feign-consumer/build/classes/java/test/io/reflectoring/], URL [file:/C:/git-repositories/cdc-workshop/consumer/pact-feign-consumer/build/classes/java/main/io/reflectoring/]]
13:55:46.250 [Test worker] DEBUG org.springframework.core.io.support.PathMatchingResourcePatternResolver - Looking for matching resources in directory tree [C:\git-repositories\cdc-workshop\consumer\pact-feign-consumer\build\classes\java\test\io\reflectoring]
13:55:46.250 [Test worker] DEBUG org.springframework.core.io.support.PathMatchingResourcePatternResolver - Searching directory [C:\git-repositories\cdc-workshop\consumer\pact-feign-consumer\build\classes\java\test\io\reflectoring] for files matching pattern [C:/git-repositories/cdc-workshop/consumer/pact-feign-consumer/build/classes/java/test/io/reflectoring/*.class]
13:55:46.253 [Test worker] DEBUG org.springframework.core.io.support.PathMatchingResourcePatternResolver - Looking for matching resources in directory tree [C:\git-repositories\cdc-workshop\consumer\pact-feign-consumer\build\classes\java\main\io\reflectoring]
13:55:46.254 [Test worker] DEBUG org.springframework.core.io.support.PathMatchingResourcePatternResolver - Searching directory [C:\git-repositories\cdc-workshop\consumer\pact-feign-consumer\build\classes\java\main\io\reflectoring] for files matching pattern [C:/git-repositories/cdc-workshop/consumer/pact-feign-consumer/build/classes/java/main/io/reflectoring/*.class]
13:55:46.255 [Test worker] DEBUG org.springframework.core.io.support.PathMatchingResourcePatternResolver - Resolved location pattern [classpath*:io/reflectoring/*.class] to resources [file [C:\git-repositories\cdc-workshop\consumer\pact-feign-consumer\build\classes\java\test\io\reflectoring\UserServiceConsumerTest.class], file [C:\git-repositories\cdc-workshop\consumer\pact-feign-consumer\build\classes\java\main\io\reflectoring\ConsumerApplication.class], file [C:\git-repositories\cdc-workshop\consumer\pact-feign-consumer\build\classes\java\main\io\reflectoring\FeignConfiguration.class], file [C:\git-repositories\cdc-workshop\consumer\pact-feign-consumer\build\classes\java\main\io\reflectoring\IdObject.class], file [C:\git-repositories\cdc-workshop\consumer\pact-feign-consumer\build\classes\java\main\io\reflectoring\RibbonConfiguration.class], file [C:\git-repositories\cdc-workshop\consumer\pact-feign-consumer\build\classes\java\main\io\reflectoring\User.class], file [C:\git-repositories\cdc-workshop\consumer\pact-feign-consumer\build\classes\java\main\io\reflectoring\UserClient.class]]
13:55:46.308 [Test worker] DEBUG org.springframework.context.annotation.ClassPathScanningCandidateComponentProvider - Identified candidate component class: file [C:\git-repositories\cdc-workshop\consumer\pact-feign-consumer\build\classes\java\main\io\reflectoring\ConsumerApplication.class]
13:55:46.317 [Test worker] INFO org.springframework.boot.test.context.SpringBootTestContextBootstrapper - Found @SpringBootConfiguration io.reflectoring.ConsumerApplication for test class io.reflectoring.UserServiceConsumerTest
13:55:46.460 [Test worker] DEBUG org.springframework.boot.test.context.SpringBootTestContextBootstrapper - @TestExecutionListeners is not present for class [io.reflectoring.UserServiceConsumerTest]: using defaults.
13:55:46.460 [Test worker] INFO org.springframework.boot.test.context.SpringBootTestContextBootstrapper - Loaded default TestExecutionListener class names from location [META-INF/spring.factories]: [org.springframework.boot.test.autoconfigure.restdocs.RestDocsTestExecutionListener, org.springframework.boot.test.autoconfigure.web.client.MockRestServiceServerResetTestExecutionListener, org.springframework.boot.test.autoconfigure.web.servlet.MockMvcPrintOnlyOnFailureTestExecutionListener, org.springframework.boot.test.autoconfigure.web.servlet.WebDriverTestExecutionListener, org.springframework.boot.test.mock.mockito.MockitoTestExecutionListener, org.springframework.boot.test.mock.mockito.ResetMocksTestExecutionListener, org.springframework.test.context.web.ServletTestExecutionListener, org.springframework.test.context.support.DirtiesContextBeforeModesTestExecutionListener, org.springframework.test.context.support.DependencyInjectionTestExecutionListener, org.springframework.test.context.support.DirtiesContextTestExecutionListener, org.springframework.test.context.transaction.TransactionalTestExecutionListener, org.springframework.test.context.jdbc.SqlScriptsTestExecutionListener]
13:55:46.480 [Test worker] INFO org.springframework.boot.test.context.SpringBootTestContextBootstrapper - Using TestExecutionListeners: [org.springframework.test.context.web.ServletTestExecutionListener@6b08dc12, org.springframework.test.context.support.DirtiesContextBeforeModesTestExecutionListener@521b4ea2, org.springframework.boot.test.mock.mockito.MockitoTestExecutionListener@479eef5f, org.springframework.boot.test.autoconfigure.SpringBootDependencyInjectionTestExecutionListener@16f04e16, org.springframework.test.context.support.DirtiesContextTestExecutionListener@3b35f896, org.springframework.test.context.transaction.TransactionalTestExecutionListener@33d3df0c, org.springframework.test.context.jdbc.SqlScriptsTestExecutionListener@3072a3e, org.springframework.boot.test.autoconfigure.restdocs.RestDocsTestExecutionListener@179354b6, org.springframework.boot.test.autoconfigure.web.client.MockRestServiceServerResetTestExecutionListener@376ef9a, org.springframework.boot.test.autoconfigure.web.servlet.MockMvcPrintOnlyOnFailureTestExecutionListener@2ef07b47, org.springframework.boot.test.autoconfigure.web.servlet.WebDriverTestExecutionListener@149ce27d, org.springframework.boot.test.mock.mockito.ResetMocksTestExecutionListener@192722bc]
13:55:46.484 [Test worker] DEBUG org.springframework.test.context.support.AbstractDirtiesContextTestExecutionListener - Before test class: context [DefaultTestContext@2a18ee07 testClass = UserServiceConsumerTest, testInstance = [null], testMethod = [null], testException = [null], mergedContextConfiguration = [WebMergedContextConfiguration@53c50f24 testClass = UserServiceConsumerTest, locations = '{}', classes = '{class io.reflectoring.ConsumerApplication}', contextInitializerClasses = '[]', activeProfiles = '{}', propertySourceLocations = '{}', propertySourceProperties = '{userservice.ribbon.listOfServers: localhost:8888, org.springframework.boot.test.context.SpringBootTestContextBootstrapper=true}', contextCustomizers = set[org.springframework.boot.test.autoconfigure.properties.PropertyMappingContextCustomizer@0, org.springframework.boot.test.autoconfigure.web.servlet.WebDriverContextCustomizerFactory$Customizer@1ac06ef3, org.springframework.boot.test.context.filter.ExcludeFilterContextCustomizer@80cfe97, org.springframework.boot.test.json.DuplicateJsonObjectContextCustomizerFactory$DuplicateJsonObjectContextCustomizer@3ecd8778, org.springframework.boot.test.mock.mockito.MockitoContextCustomizer@0, org.springframework.boot.test.web.client.TestRestTemplateContextCustomizer@c600bd8], resourceBasePath = 'src/main/webapp', contextLoader = 'org.springframework.boot.test.context.SpringBootContextLoader', parent = [null]], attributes = map['org.springframework.test.context.web.ServletTestExecutionListener.activateListener' -> true]], class annotated with @DirtiesContext [false] with mode [null].
13:55:46.509 [Test worker] DEBUG org.springframework.core.env.StandardEnvironment - Adding PropertySource 'systemProperties' with lowest search precedence
13:55:46.509 [Test worker] DEBUG org.springframework.core.env.StandardEnvironment - Adding PropertySource 'systemEnvironment' with lowest search precedence
13:55:46.509 [Test worker] DEBUG org.springframework.core.env.StandardEnvironment - Initialized StandardEnvironment with PropertySources [MapPropertySource@793774536 {name='systemProperties', properties={java.runtime.name=Java(TM) SE Runtime Environment, sun.boot.library.path=C:\Program Files\Java\jdk1.8.0_161\jre\bin, java.vm.version=25.161-b12, java.vm.vendor=Oracle Corporation, java.vendor.url=http://java.oracle.com/, path.separator=;, java.vm.name=Java HotSpot(TM) 64-Bit Server VM, file.encoding.pkg=sun.io, user.script=, sun.java.launcher=SUN_STANDARD, user.country=DE, sun.os.patch.level=, java.vm.specification.name=Java Virtual Machine Specification, user.dir=C:\git-repositories\cdc-workshop\consumer\pact-feign-consumer, java.runtime.version=1.8.0_161-b12, java.awt.graphicsenv=sun.awt.Win32GraphicsEnvironment, java.endorsed.dirs=C:\Program Files\Java\jdk1.8.0_161\jre\lib\endorsed, os.arch=amd64, java.io.tmpdir=C:\Users\luediger\AppData\Local\Temp\, line.separator=
, java.vm.specification.vendor=Oracle Corporation, user.variant=, os.name=Windows 10, sun.jnu.encoding=Cp1252, java.library.path=C:\Program Files\Java\jdk1.8.0_161\bin;C:\WINDOWS\Sun\Java\bin;C:\WINDOWS\system32;C:\WINDOWS;C:\Program Files\Docker\Docker\Resources\bin;C:\ProgramData\Oracle\Java\javapath;C:\WINDOWS\system32;C:\WINDOWS;C:\WINDOWS\System32\Wbem;C:\WINDOWS\System32\WindowsPowerShell\v1.0\;C:\Program Files\gradle\bin;C:\Program Files\maven\bin;C:\Program Files\nodejs\;C:\Ruby24-x64\bin;C:\Users\luediger\AppData\Local\Microsoft\WindowsApps;C:\Users\luediger\AppData\Roaming\npm;., java.specification.name=Java Platform API Specification, java.class.version=52.0, org.gradle.native=false, sun.management.compiler=HotSpot 64-Bit Tiered Compilers, os.version=10.0, user.home=C:\Users\luediger, user.timezone=Europe/Berlin, java.awt.printerjob=sun.awt.windows.WPrinterJob, file.encoding=windows-1252, java.specification.version=1.8, java.class.path=C:\git-repositories\cdc-workshop\consumer\pact-feign-consumer\build\classes\java\test;C:\git-repositories\cdc-workshop\consumer\pact-feign-consumer\build\resources\test;C:\git-repositories\cdc-workshop\consumer\pact-feign-consumer\build\classes\java\main;C:\git-repositories\cdc-workshop\consumer\pact-feign-consumer\build\resources\main;C:\Users\luediger\.gradle\caches\modules-2\files-2.1\org.springframework.boot\spring-boot-starter-data-jpa\2.0.4.RELEASE\69970d3a7c353d8e727e2c6b2a9e621114f5e089\spring-boot-starter-data-jpa-2.0.4.RELEASE.jar;C:\Users\luediger\.gradle\caches\modules-2\files-2.1\org.springframework.boot\spring-boot-starter-web\2.0.4.RELEASE\98d49e981ecf804da877d84259b7b0d1ec2fb6f6\spring-boot-starter-web-2.0.4.RELEASE.jar;C:\Users\luediger\.gradle\caches\modules-2\files-2.1\org.springframework.cloud\spring-cloud-starter-openfeign\2.0.1.RELEASE\89daa86028b44292dba2be5dcc867875dba4d20c\spring-cloud-starter-openfeign-2.0.1.RELEASE.jar;C:\Users\luediger\.gradle\caches\modules-2\files-2.1\org.springframework.cloud\spring-cloud-starter-netflix-ribbon\2.0.1.RELEASE\6e4398a28ce25d4c323149ce56fb04cf7dd7ca59\spring-cloud-starter-netflix-ribbon-2.0.1.RELEASE.jar;C:\Users\luediger\.gradle\caches\modules-2\files-2.1\com.h2database\h2\1.4.196\dd0034398d593aa3588c6773faac429bbd9aea0e\h2-1.4.196.jar;C:\Users\luediger\.gradle\caches\modules-2\files-2.1\au.com.dius\pact-jvm-consumer-junit5_2.12\3.5.20\7a6c12e5689febb6310e4a4da9a431ed7260fe5b\pact-jvm-consumer-junit5_2.12-3.5.20.jar;C:\Users\luediger\.gradle\caches\modules-2\files-2.1\au.com.dius\pact-jvm-consumer_2.12\3.5.20\3dd7fefc6e6dca120a04fd19caf865eda07b28f9\pact-jvm-consumer_2.12-3.5.20.jar;C:\Users\luediger\.gradle\caches\modules-2\files-2.1\au.com.dius\pact-jvm-matchers_2.12\3.5.20\d09d2b28299962a9c194285bc892a88630aa052d\pact-jvm-matchers_2.12-3.5.20.jar;C:\Users\luediger\.gradle\caches\modules-2\files-2.1\au.com.dius\pact-jvm-model\3.5.20\917fb5d0357339d42bd329c27cacc213134bf2cc\pact-jvm-model-3.5.20.jar;C:\Users\luediger\.gradle\caches\modules-2\files-2.1\au.com.dius\pact-jvm-pact-broker\3.5.20\b804482997b36cc7645f657fb3ee4220a0fa1c0e\pact-jvm-pact-broker-3.5.20.jar;C:\Users\luediger\.gradle\caches\modules-2\files-2.1\org.codehaus.groovy\groovy-all\2.4.6\478feadca929a946b2f1fb962bb2179264759821\groovy-all-2.4.6.jar;C:\Users\luediger\.gradle\caches\modules-2\files-2.1\org.codehaus.groovy\groovy-all\2.4.6\36a422446818a73342ff6c49d857e51a34b7b214\groovy-all-2.4.6-indy.jar;C:\Users\luediger\.gradle\caches\modules-2\files-2.1\org.springframework.boot\spring-boot-starter-test\2.0.4.RELEASE\8f473705d2742b669f0318f10a956f94a93ba3d2\spring-boot-starter-test-2.0.4.RELEASE.jar;C:\Users\luediger\.gradle\caches\modules-2\files-2.1\org.junit.jupiter\junit-jupiter-engine\5.1.0\c54b96b465bb5b49c7708d734a4180dd95422754\junit-jupiter-engine-5.1.0.jar;C:\Users\luediger\.gradle\caches\modules-2\files-2.1\org.springframework.cloud\spring-cloud-openfeign-core\2.0.1.RELEASE\92dce6abc7da44d76a824ecaa75881f92adfc885\spring-cloud-openfeign-core-2.0.1.RELEASE.jar;C:\Users\luediger\.gradle\caches\modules-2\files-2.1\org.springframework.boot\spring-boot-starter-aop\2.0.4.RELEASE\5e963eb965b72e113a05351c482e3d613f04e59d\spring-boot-starter-aop-2.0.4.RELEASE.jar;C:\Users\luediger\.gradle\caches\modules-2\files-2.1\org.springframework.boot\spring-boot-starter-jdbc\2.0.4.RELEASE\3e9b13a3bee8b8f9b2b9fde4f9e9aac0ccf2b3ba\spring-boot-starter-jdbc-2.0.4.RELEASE.jar;C:\Users\luediger\.gradle\caches\modules-2\files-2.1\org.springframework.boot\spring-boot-starter-json\2.0.4.RELEASE\c7afabf0d7c85db178da4ce0634e3bd2ddb0eb71\spring-boot-starter-json-2.0.4.RELEASE.jar;C:\Users\luediger\.gradle\caches\modules-2\files-2.1\org.springframework.cloud\spring-cloud-starter-netflix-archaius\2.0.1.RELEASE\c03a70287c597da9e2cf2b543a294fcd31e15a7a\spring-cloud-starter-netflix-archaius-2.0.1.RELEASE.jar;C:\Users\luediger\.gradle\caches\modules-2\files-2.1\org.springframework.cloud\spring-cloud-starter\2.0.1.RELEASE\221e7d87368cc7cd69a89d0a73be7fa17151e340\spring-cloud-starter-2.0.1.RELEASE.jar;C:\Users\luediger\.gradle\caches\modules-2\files-2.1\org.springframework.boot\spring-boot-starter\2.0.4.RELEASE\ec46c63a2adeee40058eff1a6baefca13975dc94\spring-boot-starter-2.0.4.RELEASE.jar;C:\Users\luediger\.m2\repository\org\hibernate\hibernate-core\5.2.17.Final\hibernate-core-5.2.17.Final.jar;C:\Users\luediger\.m2\repository\javax\transaction\javax.transaction-api\1.2\javax.transaction-api-1.2.jar;C:\Users\luediger\.gradle\caches\modules-2\files-2.1\org.springframework.data\spring-data-jpa\2.0.9.RELEASE\30acb36f682367d93ed400b4324fe2559f0fcb\spring-data-jpa-2.0.9.RELEASE.jar;C:\Users\luediger\.gradle\caches\modules-2\files-2.1\org.springframework\spring-aspects\5.0.8.RELEASE\e66926466b8c72658d7e536923041dc93976baf3\spring-aspects-5.0.8.RELEASE.jar;C:\Users\luediger\.gradle\caches\modules-2\files-2.1\org.springframework.boot\spring-boot-starter-tomcat\2.0.4.RELEASE\dcf28989a34b0801fea0e810c371fb9dab1e7784\spring-boot-starter-tomcat-2.0.4.RELEASE.jar;C:\Users\luediger\.gradle\caches\modules-2\files-2.1\org.hibernate.validator\hibernate-validator\6.0.11.Final\36f9d10a11e4768f55e8fb91ebe4338a5c43954e\hibernate-validator-6.0.11.Final.jar;C:\Users\luediger\.gradle\caches\modules-2\files-2.1\org.springframework\spring-webmvc\5.0.8.RELEASE\7e5fe57590ca8e4468e50fe1d92b0b67aa4a327a\spring-webmvc-5.0.8.RELEASE.jar;C:\Users\luediger\.gradle\caches\modules-2\files-2.1\org.springframework\spring-web\5.0.8.RELEASE\fa43cdadb4ab2491fd1d0ddb06c0808e4b60fc85\spring-web-5.0.8.RELEASE.jar;C:\Users\luediger\.gradle\caches\modules-2\files-2.1\org.springframework.cloud\spring-cloud-commons\2.0.1.RELEASE\302b01ad5b666d2314e6462804ddd7325acf6b75\spring-cloud-commons-2.0.1.RELEASE.jar;C:\Users\luediger\.gradle\caches\modules-2\files-2.1\io.github.openfeign\feign-slf4j\9.5.1\4770c5f4ad5d9014c161a86ff67891f81af409f1\feign-slf4j-9.5.1.jar;C:\Users\luediger\.gradle\caches\modules-2\files-2.1\io.github.openfeign\feign-hystrix\9.5.1\f9efeb59ff2380447dc75863eb7e4ecf054891c\feign-hystrix-9.5.1.jar;C:\Users\luediger\.gradle\caches\modules-2\files-2.1\io.github.openfeign\feign-java8\9.5.1\598f938d41e60e87e4a9f6f859c7254645d8877c\feign-java8-9.5.1.jar;C:\Users\luediger\.gradle\caches\modules-2\files-2.1\io.github.openfeign\feign-core\9.5.1\590613b1bd18ec0396391fb259e00b7d685ee3e6\feign-core-9.5.1.jar;C:\Users\luediger\.gradle\caches\modules-2\files-2.1\org.springframework.cloud\spring-cloud-netflix-ribbon\2.0.1.RELEASE\57cf27d40bec021566d0084243179ad862879abc\spring-cloud-netflix-ribbon-2.0.1.RELEASE.jar;C:\Users\luediger\.gradle\caches\modules-2\files-2.1\com.netflix.ribbon\ribbon\2.2.5\3f97c8acfc68c35012f00d10b9ac63fc8f48d790\ribbon-2.2.5.jar;C:\Users\luediger\.gradle\caches\modules-2\files-2.1\com.netflix.ribbon\ribbon-httpclient\2.2.5\e2662937935d218f2c63105f6df39c3dfa0d06a1\ribbon-httpclient-2.2.5.jar;C:\Users\luediger\.gradle\caches\modules-2\files-2.1\com.netflix.ribbon\ribbon-transport\2.2.5\7c8e321322a98c72a36f4a81f84cafe21273c010\ribbon-transport-2.2.5.jar;C:\Users\luediger\.gradle\caches\modules-2\files-2.1\com.netflix.ribbon\ribbon-loadbalancer\2.2.5\5f713ef0b8d01580666face5e91d8c6af1daa468\ribbon-loadbalancer-2.2.5.jar;C:\Users\luediger\.gradle\caches\modules-2\files-2.1\com.netflix.ribbon\ribbon-core\2.2.5\80b6fe934799269073e69c5d7e67334459ef7e2e\ribbon-core-2.2.5.jar;C:\Users\luediger\.gradle\caches\modules-2\files-2.1\com.netflix.hystrix\hystrix-core\1.5.12\75379b6671fcaa9cec33035df684a68ec7741ca6\hystrix-core-1.5.12.jar;C:\Users\luediger\.gradle\caches\modules-2\files-2.1\io.reactivex\rxnetty-contexts\0.4.9\6efe17a25602a5424c18ab975aa9c28b6d6b7f56\rxnetty-contexts-0.4.9.jar;C:\Users\luediger\.gradle\caches\modules-2\files-2.1\io.reactivex\rxnetty-servo\0.4.9\b7d6d6e132686c280f16710eaa3e90719f6808f8\rxnetty-servo-0.4.9.jar;C:\Users\luediger\.gradle\caches\modules-2\files-2.1\io.reactivex\rxnetty\0.4.9\5aff3c9d6bb9d9066c378bb3d2a4413ed1773bcf\rxnetty-0.4.9.jar;C:\Users\luediger\.gradle\caches\modules-2\files-2.1\io.reactivex\rxjava\1.2.0\42bfaf64c94f3848ebf5cf1c2ea4ec9d1b3ac6c8\rxjava-1.2.0.jar;C:\Users\luediger\.gradle\caches\modules-2\files-2.1\org.jetbrains.kotlin\kotlin-stdlib-jdk8\1.2.51\68faa6fb7e32a7665a6849f242bc621c3ed48101\kotlin-stdlib-jdk8-1.2.51.jar;C:\Users\luediger\.m2\repository\org\jetbrains\kotlin\kotlin-reflect\1.2.51\kotlin-reflect-1.2.51.jar;C:\Users\luediger\.gradle\caches\modules-2\files-2.1\io.github.microutils\kotlin-logging\1.4.4\b99f59fa242e55dbf5b6984fd7b4db73ef0850ae\kotlin-logging-1.4.4.jar;C:\Users\luediger\.gradle\caches\modules-2\files-2.1\com.typesafe.scala-logging\scala-logging_2.12\3.7.2\a1dc97509765287faa4747f7cb411f0b85dc9a34\scala-logging_2.12-3.7.2.jar;C:\Users\luediger\.m2\repository\com\jayway\jsonpath\json-path\2.4.0\json-path-2.4.0.jar;C:\Users\luediger\.m2\repository\com\zaxxer\HikariCP\2.7.9\HikariCP-2.7.9.jar;C:\Users\luediger\.gradle\caches\modules-2\files-2.1\org.springframework.data\spring-data-commons\2.0.9.RELEASE\9c8f3ea29c9dd6e4c41876c46e9f5f4987390beb\spring-data-commons-2.0.9.RELEASE.jar;C:\Users\luediger\.gradle\caches\modules-2\files-2.1\com.netflix.archaius\archaius-core\0.7.6\be0c1024d08ad68ec25f9f32b0e9df1ab7ecb45b\archaius-core-0.7.6.jar;C:\Users\luediger\.gradle\caches\modules-2\files-2.1\com.netflix.servo\servo-core\0.12.21\f56c3bf161217be98fbe4135adf8480590db9c37\servo-core-0.12.21.jar;C:\Users\luediger\.gradle\caches\modules-2\files-2.1\com.netflix.netflix-commons\netflix-commons-util\0.3.0\8a6ffc41308c300197918eff3df1a7447ddaf468\netflix-commons-util-0.3.0.jar;C:\Users\luediger\.gradle\caches\modules-2\files-2.1\com.netflix.netflix-commons\netflix-statistics\0.1.1\12f6e48253f9cafa0e24d7d232ff504c52143212\netflix-statistics-0.1.1.jar;C:\Users\luediger\.gradle\caches\modules-2\files-2.1\org.springframework.boot\spring-boot-starter-logging\2.0.4.RELEASE\dcd1a2c431c970f44adae64d9145133979a513ab\spring-boot-starter-logging-2.0.4.RELEASE.jar;C:\Users\luediger\.m2\repository\ch\qos\logback\logback-classic\1.2.3\logback-classic-1.2.3.jar;C:\Users\luediger\.m2\repository\org\apache\logging\log4j\log4j-to-slf4j\2.10.0\log4j-to-slf4j-2.10.0.jar;C:\Users\luediger\.m2\repository\org\slf4j\jul-to-slf4j\1.7.25\jul-to-slf4j-1.7.25.jar;C:\Users\luediger\.m2\repository\org\slf4j\slf4j-api\1.7.25\slf4j-api-1.7.25.jar;C:\Users\luediger\.gradle\caches\modules-2\files-2.1\ws.unfiltered\unfiltered-netty-server_2.12\0.9.1\22585defcd0d8f2da3b4b92cb868d71b92df9f4a\unfiltered-netty-server_2.12-0.9.1.jar;C:\Users\luediger\.gradle\caches\modules-2\files-2.1\org.scala-lang.modules\scala-java8-compat_2.12\0.8.0\1e6f1e745bf6d3c34d1e2ab150653306069aaf34\scala-java8-compat_2.12-0.8.0.jar;C:\Users\luediger\.gradle\caches\modules-2\files-2.1\ws.unfiltered\unfiltered-netty_2.12\0.9.1\ce69dae167fcb663c46acf97c26839ce4dddf561\unfiltered-netty_2.12-0.9.1.jar;C:\Users\luediger\.gradle\caches\modules-2\files-2.1\ws.unfiltered\unfiltered_2.12\0.9.1\9dcc4ac3c0f7e39cedfef273326c99576656ad52\unfiltered_2.12-0.9.1.jar;C:\Users\luediger\.gradle\caches\modules-2\files-2.1\org.scala-lang.modules\scala-xml_2.12\1.0.6\e22de3366a698a9f744106fb6dda4335838cf6a7\scala-xml_2.12-1.0.6.jar;C:\Users\luediger\.gradle\caches\modules-2\files-2.1\ws.unfiltered\unfiltered-util_2.12\0.9.1\1375d30162df11514de6d41a92366444d847ab99\unfiltered-util_2.12-0.9.1.jar;C:\Users\luediger\.gradle\caches\modules-2\files-2.1\org.scala-lang\scala-library\2.12.5\4861b00d921952f2dc9a024198bc72590fd7dc5e\scala-library-2.12.5.jar;C:\Users\luediger\.gradle\caches\modules-2\files-2.1\org.junit.jupiter\junit-jupiter-api\5.1.1\fcca73c9c2825c9a966380c6d146a71acba233ca\junit-jupiter-api-5.1.1.jar;C:\Users\luediger\.gradle\caches\modules-2\files-2.1\org.springframework.boot\spring-boot-test-autoconfigure\2.0.4.RELEASE\8a2e3f31e607fdb08deda2f59263ce177f1c4310\spring-boot-test-autoconfigure-2.0.4.RELEASE.jar;C:\Users\luediger\.gradle\caches\modules-2\files-2.1\org.springframework.boot\spring-boot-test\2.0.4.RELEASE\8a17fc3cf16b6d75f2ba132ade04409a670095de\spring-boot-test-2.0.4.RELEASE.jar;C:\Users\luediger\.m2\repository\junit\junit\4.12\junit-4.12.jar;C:\Users\luediger\.m2\repository\org\assertj\assertj-core\3.9.1\assertj-core-3.9.1.jar;C:\Users\luediger\.m2\repository\org\mockito\mockito-core\2.15.0\mockito-core-2.15.0.jar;C:\Users\luediger\.m2\repository\org\hamcrest\hamcrest-library\1.3\hamcrest-library-1.3.jar;C:\Users\luediger\.m2\repository\org\hamcrest\hamcrest-core\1.3\hamcrest-core-1.3.jar;C:\Users\luediger\.m2\repository\org\skyscreamer\jsonassert\1.5.0\jsonassert-1.5.0.jar;C:\Users\luediger\.gradle\caches\modules-2\files-2.1\org.springframework\spring-test\5.0.8.RELEASE\5782619373bd7e7b7d9106203c317b04bb613ebb\spring-test-5.0.8.RELEASE.jar;C:\Users\luediger\.gradle\caches\modules-2\files-2.1\org.springframework.boot\spring-boot-autoconfigure\2.0.4.RELEASE\65cd1244d606acc02ab7bfc47a203a3fe2400dda\spring-boot-autoconfigure-2.0.4.RELEASE.jar;C:\Users\luediger\.gradle\caches\modules-2\files-2.1\org.springframework.boot\spring-boot\2.0.4.RELEASE\c8619c5b06d4dcdb4cac1e5e9c839e6e8b1c8574\spring-boot-2.0.4.RELEASE.jar;C:\Users\luediger\.gradle\caches\modules-2\files-2.1\org.springframework\spring-orm\5.0.8.RELEASE\4da63072d1ed6a2eb4bc0a4c8da5e09f39b5021e\spring-orm-5.0.8.RELEASE.jar;C:\Users\luediger\.gradle\caches\modules-2\files-2.1\org.springframework\spring-jdbc\5.0.8.RELEASE\efcf5f0ccaaa9deec2d9133c9d6bfbb7e55370ff\spring-jdbc-5.0.8.RELEASE.jar;C:\Users\luediger\.gradle\caches\modules-2\files-2.1\org.springframework\spring-context\5.0.8.RELEASE\3a067d8990761111c9b6d1d895640be26cc1fb38\spring-context-5.0.8.RELEASE.jar;C:\Users\luediger\.gradle\caches\modules-2\files-2.1\org.springframework\spring-tx\5.0.8.RELEASE\b6488db6192f71bd682a13b9d42127307631c616\spring-tx-5.0.8.RELEASE.jar;C:\Users\luediger\.gradle\caches\modules-2\files-2.1\org.springframework\spring-aop\5.0.8.RELEASE\f5086c1a3185c481104511837427b39a07a57aa2\spring-aop-5.0.8.RELEASE.jar;C:\Users\luediger\.gradle\caches\modules-2\files-2.1\org.springframework\spring-beans\5.0.8.RELEASE\5fc965d3e7f5515099244857a8ae9e2a208c169b\spring-beans-5.0.8.RELEASE.jar;C:\Users\luediger\.gradle\caches\modules-2\files-2.1\org.springframework\spring-expression\5.0.8.RELEASE\f23158f22c917df2cddf2ecebc398a9e95f95fae\spring-expression-5.0.8.RELEASE.jar;C:\Users\luediger\.gradle\caches\modules-2\files-2.1\org.springframework\spring-core\5.0.8.RELEASE\dc39c49e3246cdf73d3786ac41119140aed3fa08\spring-core-5.0.8.RELEASE.jar;C:\Users\luediger\.m2\repository\org\xmlunit\xmlunit-core\2.5.1\xmlunit-core-2.5.1.jar;C:\Users\luediger\.gradle\caches\modules-2\files-2.1\org.junit.platform\junit-platform-engine\1.1.0\2596bd4d909e7ea8d029272db4338075445d731b\junit-platform-engine-1.1.0.jar;C:\Users\luediger\.gradle\caches\modules-2\files-2.1\org.junit.platform\junit-platform-commons\1.1.1\36fca464a84454cf56ae2759a8ba18d6d99d1113\junit-platform-commons-1.1.1.jar;C:\Users\luediger\.gradle\caches\modules-2\files-2.1\org.apiguardian\apiguardian-api\1.0.0\3ef5276905e36f4d8055fe3cb0bdcc7503ffc85d\apiguardian-api-1.0.0.jar;C:\Users\luediger\.m2\repository\javax\annotation\javax.annotation-api\1.3.2\javax.annotation-api-1.3.2.jar;C:\Users\luediger\.m2\repository\org\yaml\snakeyaml\1.19\snakeyaml-1.19.jar;C:\Users\luediger\.m2\repository\org\aspectj\aspectjweaver\1.8.13\aspectjweaver-1.8.13.jar;C:\Users\luediger\.m2\repository\org\hibernate\common\hibernate-commons-annotations\5.0.1.Final\hibernate-commons-annotations-5.0.1.Final.jar;C:\Users\luediger\.m2\repository\org\jboss\logging\jboss-logging\3.3.2.Final\jboss-logging-3.3.2.Final.jar;C:\Users\luediger\.m2\repository\org\hibernate\javax\persistence\hibernate-jpa-2.1-api\1.0.2.Final\hibernate-jpa-2.1-api-1.0.2.Final.jar;C:\Users\luediger\.m2\repository\org\javassist\javassist\3.22.0-GA\javassist-3.22.0-GA.jar;C:\Users\luediger\.m2\repository\antlr\antlr\2.7.7\antlr-2.7.7.jar;C:\Users\luediger\.m2\repository\org\jboss\jandex\2.0.3.Final\jandex-2.0.3.Final.jar;C:\Users\luediger\.m2\repository\com\fasterxml\classmate\1.3.4\classmate-1.3.4.jar;C:\Users\luediger\.m2\repository\dom4j\dom4j\1.6.1\dom4j-1.6.1.jar;C:\Users\luediger\.m2\repository\com\fasterxml\jackson\datatype\jackson-datatype-jdk8\2.9.6\jackson-datatype-jdk8-2.9.6.jar;C:\Users\luediger\.m2\repository\com\fasterxml\jackson\datatype\jackson-datatype-jsr310\2.9.6\jackson-datatype-jsr310-2.9.6.jar;C:\Users\luediger\.m2\repository\com\fasterxml\jackson\module\jackson-module-parameter-names\2.9.6\jackson-module-parameter-names-2.9.6.jar;C:\Users\luediger\.gradle\caches\modules-2\files-2.1\com.amazonaws\aws-java-sdk-s3\1.11.336\94eabca535897b3f71de7df4536e61eec159ad0\aws-java-sdk-s3-1.11.336.jar;C:\Users\luediger\.gradle\caches\modules-2\files-2.1\com.amazonaws\aws-java-sdk-kms\1.11.336\acb59583e19fb1daaafaa0cc8d94daaf6ee56d85\aws-java-sdk-kms-1.11.336.jar;C:\Users\luediger\.gradle\caches\modules-2\files-2.1\com.amazonaws\aws-java-sdk-core\1.11.336\843b0108a4a0d437182c3b155cda229d78c66c47\aws-java-sdk-core-1.11.336.jar;C:\Users\luediger\.gradle\caches\modules-2\files-2.1\com.amazonaws\jmespath-java\1.11.336\2ffaab56cec055a6e63aeb569d69fead74261dc5\jmespath-java-1.11.336.jar;C:\Users\luediger\.m2\repository\com\fasterxml\jackson\core\jackson-databind\2.9.6\jackson-databind-2.9.6.jar;C:\Users\luediger\.gradle\caches\modules-2\files-2.1\org.apache.tomcat.embed\tomcat-embed-websocket\8.5.32\ea5302e378f1449d4e5dda79e8d810c1e7931f91\tomcat-embed-websocket-8.5.32.jar;C:\Users\luediger\.gradle\caches\modules-2\files-2.1\org.apache.tomcat.embed\tomcat-embed-core\8.5.32\6bc6896200146010cc4666bdc6b9b0cbb453ee22\tomcat-embed-core-8.5.32.jar;C:\Users\luediger\.gradle\caches\modules-2\files-2.1\org.apache.tomcat.embed\tomcat-embed-el\8.5.32\e4fd0ee015d83fa1c5ec93ff1d05bdaf9a4480c5\tomcat-embed-el-8.5.32.jar;C:\Users\luediger\.m2\repository\javax\validation\validation-api\2.0.1.Final\validation-api-2.0.1.Final.jar;C:\Users\luediger\.gradle\caches\modules-2\files-2.1\org.springframework.cloud\spring-cloud-context\2.0.1.RELEASE\a0d15068d4100c9a03c1e67f802c71007a933277\spring-cloud-context-2.0.1.RELEASE.jar;C:\Users\luediger\.gradle\caches\modules-2\files-2.1\org.springframework.security\spring-security-rsa\1.0.5.RELEASE\31bd1111ada2f455eb0f492ed09e39deda18ca99\spring-security-rsa-1.0.5.RELEASE.jar;C:\Users\luediger\.gradle\caches\modules-2\files-2.1\org.springframework.security\spring-security-crypto\5.0.7.RELEASE\51112a1fdcd0d4964f74bcba8355d536b53ae9a8\spring-security-crypto-5.0.7.RELEASE.jar;C:\Users\luediger\.gradle\caches\modules-2\files-2.1\org.springframework.cloud\spring-cloud-netflix-archaius\2.0.1.RELEASE\61f2e557d66e11c320189eaec11074b47c786f89\spring-cloud-netflix-archaius-2.0.1.RELEASE.jar;C:\Users\luediger\.gradle\caches\modules-2\files-2.1\commons-configuration\commons-configuration\1.8\6cce40435bcd8018018f16898de01976b319941a\commons-configuration-1.8.jar;C:\Users\luediger\.m2\repository\javax\inject\javax.inject\1\javax.inject-1.jar;C:\Users\luediger\.m2\repository\com\google\guava\guava\19.0\guava-19.0.jar;C:\Users\luediger\.m2\repository\commons-lang\commons-lang\2.6\commons-lang-2.6.jar;C:\Users\luediger\.m2\repository\commons-collections\commons-collections\3.2.2\commons-collections-3.2.2.jar;C:\Users\luediger\.gradle\caches\modules-2\files-2.1\com.sun.jersey.contribs\jersey-apache-client4\1.19.1\e1c45701a003097ace96bed4bc8fb937e9867498\jersey-apache-client4-1.19.1.jar;C:\Users\luediger\.gradle\caches\modules-2\files-2.1\org.apache.httpcomponents\httpmime\4.5.6\164343da11db817e81e24e0d9869527e069850c9\httpmime-4.5.6.jar;C:\Users\luediger\.gradle\caches\modules-2\files-2.1\org.apache.httpcomponents\fluent-hc\4.5.6\7f4b2ccd83078e3bb87c8ad280ec074c04c7e4a4\fluent-hc-4.5.6.jar;C:\Users\luediger\.gradle\caches\modules-2\files-2.1\org.apache.httpcomponents\httpclient\4.5.6\1afe5621985efe90a92d0fbc9be86271efbe796f\httpclient-4.5.6.jar;C:\Users\luediger\.gradle\caches\modules-2\files-2.1\com.sun.jersey\jersey-client\1.19.1\2df97ebd4e5c01599584c45caa3aeb563d268eef\jersey-client-1.19.1.jar;C:\Users\luediger\.gradle\caches\modules-2\files-2.1\org.jetbrains.kotlin\kotlin-stdlib-jdk7\1.2.51\a37c0066df119c02f034bf17159089b588ccc41a\kotlin-stdlib-jdk7-1.2.51.jar;C:\Users\luediger\.gradle\caches\modules-2\files-2.1\com.github.salomonbrys.kotson\kotson\2.5.0\40daf22108aa4436d46257e14cc48447cca542c3\kotson-2.5.0.jar;C:\Users\luediger\.m2\repository\org\jetbrains\kotlin\kotlin-stdlib\1.2.51\kotlin-stdlib-1.2.51.jar;C:\Users\luediger\.gradle\caches\modules-2\files-2.1\com.googlecode.java-diff-utils\diffutils\1.3.0\7e060dd5b19431e6d198e91ff670644372f60fbd\diffutils-1.3.0.jar;C:\Users\luediger\.gradle\caches\modules-2\files-2.1\com.github.mifmif\generex\1.0.1\d8b3573e6d59f0a61dfc37f85dd568ad3bf49e83\generex-1.0.1.jar;C:\Users\luediger\.gradle\caches\modules-2\files-2.1\dk.brics.automaton\automaton\1.11-8\6ebfa65eb431ff4b715a23be7a750cbc4cc96d0f\automaton-1.11-8.jar;C:\Users\luediger\.gradle\caches\modules-2\files-2.1\org.json\json\20160212\a742e3f85161835b95877478c5dd5b405cefaab9\json-20160212.jar;C:\Users\luediger\.gradle\caches\modules-2\files-2.1\io.netty\netty-handler\4.1.27.Final\21bd9cf565390a8d72579b8664303e3c175dfc6a\netty-handler-4.1.27.Final.jar;C:\Users\luediger\.gradle\caches\modules-2\files-2.1\org.opentest4j\opentest4j\1.0.0\6f09c598e9ff64bf0ce2fa7e7de49a99ba83c0b4\opentest4j-1.0.0.jar;C:\Users\luediger\.m2\repository\net\minidev\json-smart\2.3\json-smart-2.3.jar;C:\Users\luediger\.m2\repository\net\bytebuddy\byte-buddy\1.7.11\byte-buddy-1.7.11.jar;C:\Users\luediger\.m2\repository\net\bytebuddy\byte-buddy-agent\1.7.11\byte-buddy-agent-1.7.11.jar;C:\Users\luediger\.m2\repository\org\objenesis\objenesis\2.6\objenesis-2.6.jar;C:\Users\luediger\.m2\repository\com\vaadin\external\google\android-json\0.0.20131108.vaadin1\android-json-0.0.20131108.vaadin1.jar;C:\Users\luediger\.gradle\caches\modules-2\files-2.1\org.springframework\spring-jcl\5.0.8.RELEASE\a1fa8fb560fb252321776e16bc9ac8201af4ef5e\spring-jcl-5.0.8.RELEASE.jar;C:\Users\luediger\.m2\repository\com\fasterxml\jackson\core\jackson-annotations\2.9.0\jackson-annotations-2.9.0.jar;C:\Users\luediger\.m2\repository\com\fasterxml\jackson\dataformat\jackson-dataformat-cbor\2.9.6\jackson-dataformat-cbor-2.9.6.jar;C:\Users\luediger\.m2\repository\com\fasterxml\jackson\core\jackson-core\2.9.6\jackson-core-2.9.6.jar;C:\Users\luediger\.gradle\caches\modules-2\files-2.1\org.bouncycastle\bcpkix-jdk15on\1.56\4648af70268b6fdb24674fb1fd7c1fcc73db1231\bcpkix-jdk15on-1.56.jar;C:\Users\luediger\.gradle\caches\modules-2\files-2.1\com.google.code.findbugs\jsr305\3.0.1\f7be08ec23c21485b9b5a1cf1654c2ec8c58168d\jsr305-3.0.1.jar;C:\Users\luediger\.m2\repository\org\hdrhistogram\HdrHistogram\2.1.9\HdrHistogram-2.1.9.jar;C:\Users\luediger\.gradle\caches\modules-2\files-2.1\io.netty\netty-codec-http\4.1.27.Final\a1722d6bcbbef1c4c7877e8bf38b07a3db5ed07f\netty-codec-http-4.1.27.Final.jar;C:\Users\luediger\.gradle\caches\modules-2\files-2.1\io.netty\netty-transport-native-epoll\4.1.27.Final\addbd481940a3cce57cb5736ecef5db909b7b5d0\netty-transport-native-epoll-4.1.27.Final.jar;C:\Users\luediger\.gradle\caches\modules-2\files-2.1\org.apache.httpcomponents\httpcore\4.4.10\acc54d9b28bdffe4bbde89ed2e4a1e86b5285e2b\httpcore-4.4.10.jar;C:\Users\luediger\.m2\repository\commons-logging\commons-logging\1.2\commons-logging-1.2.jar;C:\Users\luediger\.m2\repository\commons-codec\commons-codec\1.11\commons-codec-1.11.jar;C:\Users\luediger\.gradle\caches\modules-2\files-2.1\com.sun.jersey\jersey-core\1.19.1\4282d106f2acd5051bd9bc2935ed9a2920c9385\jersey-core-1.19.1.jar;C:\Users\luediger\.m2\repository\org\jetbrains\kotlin\kotlin-stdlib-common\1.2.51\kotlin-stdlib-common-1.2.51.jar;C:\Users\luediger\.m2\repository\org\jetbrains\annotations\13.0\annotations-13.0.jar;C:\Users\luediger\.gradle\caches\modules-2\files-2.1\com.github.zafarkhaja\java-semver\0.9.0\59a83ca73c72a5e25b3f0b1bb305230a11000329\java-semver-0.9.0.jar;C:\Users\luediger\.gradle\caches\modules-2\files-2.1\org.apache.commons\commons-collections4\4.1\a4cf4688fe1c7e3a63aa636cc96d013af537768e\commons-collections4-4.1.jar;C:\Users\luediger\.gradle\caches\modules-2\files-2.1\javax.mail\mail\1.5.0-b01\c128515e42609622ce3f7dc0b431026d80bdb688\mail-1.5.0-b01.jar;C:\Users\luediger\.m2\repository\org\apache\commons\commons-lang3\3.7\commons-lang3-3.7.jar;C:\Users\luediger\.gradle\caches\modules-2\files-2.1\io.gatling\jsonpath_2.12\0.6.9\a95b4587535e269fc5c95dea247c33e4c803d152\jsonpath_2.12-0.6.9.jar;C:\Users\luediger\.gradle\caches\modules-2\files-2.1\io.netty\netty-codec\4.1.27.Final\d2653d78ebaa650064768fb26b10051f5c8efb2c\netty-codec-4.1.27.Final.jar;C:\Users\luediger\.gradle\caches\modules-2\files-2.1\io.netty\netty-transport-native-unix-common\4.1.27.Final\2b0667fe5c1df78c6cfbf9d53ad8b1fb533fb8e8\netty-transport-native-unix-common-4.1.27.Final.jar;C:\Users\luediger\.gradle\caches\modules-2\files-2.1\io.netty\netty-transport\4.1.27.Final\b5c2da3ea89dd67320925f1504c9eb3615241b7c\netty-transport-4.1.27.Final.jar;C:\Users\luediger\.gradle\caches\modules-2\files-2.1\io.netty\netty-buffer\4.1.27.Final\aafe2b9fb0d8f3b200cf10b9fd6486c6a722d7a1\netty-buffer-4.1.27.Final.jar;C:\Users\luediger\.m2\repository\net\minidev\accessors-smart\1.2\accessors-smart-1.2.jar;C:\Users\luediger\.m2\repository\ch\qos\logback\logback-core\1.2.3\logback-core-1.2.3.jar;C:\Users\luediger\.m2\repository\org\apache\logging\log4j\log4j-api\2.10.0\log4j-api-2.10.0.jar;C:\Users\luediger\.gradle\caches\modules-2\files-2.1\org.bouncycastle\bcprov-jdk15on\1.56\a153c6f9744a3e9dd6feab5e210e1c9861362ec7\bcprov-jdk15on-1.56.jar;C:\Users\luediger\.gradle\caches\modules-2\files-2.1\io.netty\netty-resolver\4.1.27.Final\2536447ef9605ccb2b5203aa22392c6514484ea9\netty-resolver-4.1.27.Final.jar;C:\Users\luediger\.gradle\caches\modules-2\files-2.1\io.netty\netty-common\4.1.27.Final\6a12a969c27fb37b230c4bde5a67bd822fa6b7a4\netty-common-4.1.27.Final.jar;C:\Users\luediger\.gradle\caches\modules-2\files-2.1\javax.ws.rs\jsr311-api\1.1.1\59033da2a1afd56af1ac576750a8d0b1830d59e6\jsr311-api-1.1.1.jar;C:\Users\luediger\.gradle\caches\modules-2\files-2.1\org.dmfs\rfc3986-uri\0.8\8f5a5de5e891f200d552725dea13767b7d2b6e7\rfc3986-uri-0.8.jar;C:\Users\luediger\.gradle\caches\modules-2\files-2.1\javax.activation\activation\1.1\e6cb541461c2834bdea3eb920f1884d1eb508b50\activation-1.1.jar;C:\Users\luediger\.gradle\caches\modules-2\files-2.1\org.scala-lang.modules\scala-parser-combinators_2.12\1.0.5\3c1c5475ece77c41e18dd971f8f818c091e4961c\scala-parser-combinators_2.12-1.0.5.jar;C:\Users\luediger\.m2\repository\org\ow2\asm\asm\5.0.4\asm-5.0.4.jar;C:\Users\luediger\.gradle\caches\modules-2\files-2.1\com.google.code.gson\gson\2.8.5\f645ed69d595b24d4cf8b3fbb64cc505bede8829\gson-2.8.5.jar;C:\Users\luediger\.gradle\caches\modules-2\files-2.1\org.dmfs\optional\0.3\7cf99cb2b755e43190eb473e591b17b181adf078\optional-0.3.jar;C:\Users\luediger\.gradle\caches\modules-2\files-2.1\org.dmfs\iterators\1.5\2ca5beb926d1d4ab2874bbbeede1b0f161002887\iterators-1.5.jar;C:\Users\luediger\.gradle\caches\modules-2\files-2.1\software.amazon.ion\ion-java\1.0.2\ee9dacea7726e495f8352b81c12c23834ffbc564\ion-java-1.0.2.jar;C:\Users\luediger\.m2\repository\joda-time\joda-time\2.9.9\joda-time-2.9.9.jar, user.name=luediger, java.vm.specification.version=1.8, sun.java.command=worker.org.gradle.process.internal.worker.GradleWorkerMain 'Gradle Test Executor 15', java.home=C:\Program Files\Java\jdk1.8.0_161\jre, sun.arch.data.model=64, user.language=de, java.specification.vendor=Oracle Corporation, awt.toolkit=sun.awt.windows.WToolkit, java.vm.info=mixed mode, java.version=1.8.0_161, java.ext.dirs=C:\Program Files\Java\jdk1.8.0_161\jre\lib\ext;C:\WINDOWS\Sun\Java\lib\ext, sun.boot.class.path=C:\Program Files\Java\jdk1.8.0_161\jre\lib\resources.jar;C:\Program Files\Java\jdk1.8.0_161\jre\lib\rt.jar;C:\Program Files\Java\jdk1.8.0_161\jre\lib\sunrsasign.jar;C:\Program Files\Java\jdk1.8.0_161\jre\lib\jsse.jar;C:\Program Files\Java\jdk1.8.0_161\jre\lib\jce.jar;C:\Program Files\Java\jdk1.8.0_161\jre\lib\charsets.jar;C:\Program Files\Java\jdk1.8.0_161\jre\lib\jfr.jar;C:\Program Files\Java\jdk1.8.0_161\jre\classes, java.vendor=Oracle Corporation, org.gradle.test.worker=15, file.separator=\, java.vendor.url.bug=http://bugreport.sun.com/bugreport/, sun.io.unicode.encoding=UnicodeLittle, sun.cpu.endian=little, sun.desktop=windows, sun.cpu.isalist=amd64}}, SystemEnvironmentPropertySource@798257958 {name='systemEnvironment', properties={USERDOMAIN_ROAMINGPROFILE=ADESSO, LOCALAPPDATA=C:\Users\luediger\AppData\Local, PROCESSOR_LEVEL=6, USERDOMAIN=ADESSO, LOGONSERVER=\\DTM-LAN-DC02, JAVA_HOME=C:\Program Files\Java\jdk1.8.0_161, SESSIONNAME=Console, ALLUSERSPROFILE=C:\ProgramData, PROCESSOR_ARCHITECTURE=AMD64, PSModulePath=C:\Program Files\WindowsPowerShell\Modules;C:\WINDOWS\system32\WindowsPowerShell\v1.0\Modules, SystemDrive=C:, OneDrive=C:\Users\luediger\OneDrive - adesso Group, APPDATA=C:\Users\luediger\AppData\Roaming, USERNAME=luediger, USERDNSDOMAIN=ADESSO.LOCAL, ProgramFiles(x86)=C:\Program Files (x86), CommonProgramFiles=C:\Program Files\Common Files, Path=C:\Program Files\Docker\Docker\Resources\bin;C:\ProgramData\Oracle\Java\javapath;C:\WINDOWS\system32;C:\WINDOWS;C:\WINDOWS\System32\Wbem;C:\WINDOWS\System32\WindowsPowerShell\v1.0\;C:\Program Files\gradle\bin;C:\Program Files\maven\bin;C:\Program Files\nodejs\;C:\Ruby24-x64\bin;C:\Users\luediger\AppData\Local\Microsoft\WindowsApps;C:\Users\luediger\AppData\Roaming\npm, PATHEXT=.COM;.EXE;.BAT;.CMD;.VBS;.VBE;.JS;.JSE;.WSF;.WSH;.MSC;.RB;.RBW, OS=Windows_NT, COMPUTERNAME=DE-ADN-24S8M12, PROCESSOR_REVISION=3c03, CommonProgramW6432=C:\Program Files\Common Files, ComSpec=C:\WINDOWS\system32\cmd.exe, UATDATA=C:\WINDOWS\CCM\UATData\D9F8C395-CAB8-491d-B8AC-179A1FE1BE77, ProgramData=C:\ProgramData, ProgramW6432=C:\Program Files, HOMEPATH=\Users\luediger, SystemRoot=C:\WINDOWS, TEMP=C:\Users\luediger\AppData\Local\Temp, HOMEDRIVE=C:, PROCESSOR_IDENTIFIER=Intel64 Family 6 Model 60 Stepping 3, GenuineIntel, USERPROFILE=C:\Users\luediger, TMP=C:\Users\luediger\AppData\Local\Temp, CommonProgramFiles(x86)=C:\Program Files (x86)\Common Files, ProgramFiles=C:\Program Files, PUBLIC=C:\Users\Public, NUMBER_OF_PROCESSORS=8, windir=C:\WINDOWS, =::=::\}}]
13:55:46.513 [Test worker] DEBUG org.springframework.test.context.support.TestPropertySourceUtils - Adding inlined properties to environment: {spring.jmx.enabled=false, userservice.ribbon.listOfServers: localhost:8888, org.springframework.boot.test.context.SpringBootTestContextBootstrapper=true, server.port=-1}
13:55:46.514 [Test worker] DEBUG org.springframework.core.env.StandardEnvironment - Adding PropertySource 'Inlined Test Properties' with highest search precedence
2018-09-20 13:55:47.551  INFO 11736 --- [    Test worker] s.c.a.AnnotationConfigApplicationContext : Refreshing org.springframework.context.annotation.AnnotationConfigApplicationContext@2a277a68: startup date [Thu Sep 20 13:55:47 CEST 2018]; root of context hierarchy
2018-09-20 13:55:47.752  INFO 11736 --- [    Test worker] f.a.AutowiredAnnotationBeanPostProcessor : JSR-330 'javax.inject.Inject' annotation found and supported for autowiring
2018-09-20 13:55:47.790  INFO 11736 --- [    Test worker] trationDelegate$BeanPostProcessorChecker : Bean 'configurationPropertiesRebinderAutoConfiguration' of type [org.springframework.cloud.autoconfigure.ConfigurationPropertiesRebinderAutoConfiguration$$EnhancerBySpringCGLIB$$eeea7563] is not eligible for getting processed by all BeanPostProcessors (for example: not eligible for auto-proxying)

  .   ____          _            __ _ _
 /\\ / ___'_ __ _ _(_)_ __  __ _ \ \ \ \
( ( )\___ | '_ | '_| | '_ \/ _` | \ \ \ \
 \\/  ___)| |_)| | | | | || (_| |  ) ) ) )
  '  |____| .__|_| |_|_| |_\__, | / / / /
 =========|_|==============|___/=/_/_/_/
 :: Spring Boot ::        (v2.0.4.RELEASE)

2018-09-20 13:55:48.405  WARN 11736 --- [    Test worker] ory$DuplicateJsonObjectContextCustomizer : 

Found multiple occurrences of org.json.JSONObject on the class path:

	jar:file:/C:/Users/luediger/.gradle/caches/modules-2/files-2.1/org.json/json/20160212/a742e3f85161835b95877478c5dd5b405cefaab9/json-20160212.jar!/org/json/JSONObject.class
	jar:file:/C:/Users/luediger/.m2/repository/com/vaadin/external/google/android-json/0.0.20131108.vaadin1/android-json-0.0.20131108.vaadin1.jar!/org/json/JSONObject.class

You may wish to exclude one of them to ensure predictable runtime behavior

2018-09-20 13:55:48.408  INFO 11736 --- [    Test worker] io.reflectoring.UserServiceConsumerTest  : No active profile set, falling back to default profiles: default
2018-09-20 13:55:48.415  INFO 11736 --- [    Test worker] o.s.w.c.s.GenericWebApplicationContext   : Refreshing org.springframework.web.context.support.GenericWebApplicationContext@513a82e9: startup date [Thu Sep 20 13:55:48 CEST 2018]; parent: org.springframework.context.annotation.AnnotationConfigApplicationContext@2a277a68
2018-09-20 13:55:49.037  INFO 11736 --- [    Test worker] o.s.b.f.s.DefaultListableBeanFactory     : Overriding bean definition for bean 'dataSource' with a different definition: replacing [Root bean: class [null]; scope=refresh; abstract=false; lazyInit=false; autowireMode=3; dependencyCheck=0; autowireCandidate=false; primary=false; factoryBeanName=org.springframework.boot.autoconfigure.jdbc.DataSourceConfiguration$Hikari; factoryMethodName=dataSource; initMethodName=null; destroyMethodName=(inferred); defined in class path resource [org/springframework/boot/autoconfigure/jdbc/DataSourceConfiguration$Hikari.class]] with [Root bean: class [org.springframework.aop.scope.ScopedProxyFactoryBean]; scope=; abstract=false; lazyInit=false; autowireMode=0; dependencyCheck=0; autowireCandidate=true; primary=false; factoryBeanName=null; factoryMethodName=null; initMethodName=null; destroyMethodName=null; defined in BeanDefinition defined in class path resource [org/springframework/boot/autoconfigure/jdbc/DataSourceConfiguration$Hikari.class]]
2018-09-20 13:55:49.179  INFO 11736 --- [    Test worker] o.s.cloud.context.scope.GenericScope     : BeanFactory id=bb6721e9-da68-3467-9a26-9f6d62f573d2
2018-09-20 13:55:49.251  INFO 11736 --- [    Test worker] f.a.AutowiredAnnotationBeanPostProcessor : JSR-330 'javax.inject.Inject' annotation found and supported for autowiring
2018-09-20 13:55:49.369  INFO 11736 --- [    Test worker] trationDelegate$BeanPostProcessorChecker : Bean 'org.springframework.transaction.annotation.ProxyTransactionManagementConfiguration' of type [org.springframework.transaction.annotation.ProxyTransactionManagementConfiguration$$EnhancerBySpringCGLIB$$d2d07266] is not eligible for getting processed by all BeanPostProcessors (for example: not eligible for auto-proxying)
2018-09-20 13:55:49.423  INFO 11736 --- [    Test worker] trationDelegate$BeanPostProcessorChecker : Bean 'org.springframework.cloud.autoconfigure.ConfigurationPropertiesRebinderAutoConfiguration' of type [org.springframework.cloud.autoconfigure.ConfigurationPropertiesRebinderAutoConfiguration$$EnhancerBySpringCGLIB$$eeea7563] is not eligible for getting processed by all BeanPostProcessors (for example: not eligible for auto-proxying)
2018-09-20 13:55:49.677  INFO 11736 --- [    Test worker] com.zaxxer.hikari.HikariDataSource       : HikariPool-1 - Starting...
2018-09-20 13:55:49.826  INFO 11736 --- [    Test worker] com.zaxxer.hikari.HikariDataSource       : HikariPool-1 - Start completed.
2018-09-20 13:55:49.897  INFO 11736 --- [    Test worker] j.LocalContainerEntityManagerFactoryBean : Building JPA container EntityManagerFactory for persistence unit 'default'
2018-09-20 13:55:49.917  INFO 11736 --- [    Test worker] o.hibernate.jpa.internal.util.LogHelper  : HHH000204: Processing PersistenceUnitInfo [
	name: default
	...]
2018-09-20 13:55:50.006  INFO 11736 --- [    Test worker] org.hibernate.Version                    : HHH000412: Hibernate Core {5.2.17.Final}
2018-09-20 13:55:50.008  INFO 11736 --- [    Test worker] org.hibernate.cfg.Environment            : HHH000206: hibernate.properties not found
2018-09-20 13:55:50.056  INFO 11736 --- [    Test worker] o.hibernate.annotations.common.Version   : HCANN000001: Hibernate Commons Annotations {5.0.1.Final}
2018-09-20 13:55:50.225  INFO 11736 --- [    Test worker] org.hibernate.dialect.Dialect            : HHH000400: Using dialect: org.hibernate.dialect.H2Dialect
2018-09-20 13:55:50.567  INFO 11736 --- [    Test worker] o.h.t.schema.internal.SchemaCreatorImpl  : HHH000476: Executing import script 'org.hibernate.tool.schema.internal.exec.ScriptSourceInputNonExistentImpl@73776c5d'
2018-09-20 13:55:50.572  INFO 11736 --- [    Test worker] j.LocalContainerEntityManagerFactoryBean : Initialized JPA EntityManagerFactory for persistence unit 'default'
2018-09-20 13:55:50.862  WARN 11736 --- [    Test worker] o.s.c.n.a.ArchaiusAutoConfiguration      : No spring.application.name found, defaulting to 'application'
2018-09-20 13:55:50.867  WARN 11736 --- [    Test worker] c.n.c.sources.URLConfigurationSource     : No URLs will be polled as dynamic configuration sources.
2018-09-20 13:55:50.867  INFO 11736 --- [    Test worker] c.n.c.sources.URLConfigurationSource     : To enable URLs as dynamic configuration sources, define System property archaius.configurationSource.additionalUrls or make config.properties available on classpath.
2018-09-20 13:55:50.876  WARN 11736 --- [    Test worker] c.n.c.sources.URLConfigurationSource     : No URLs will be polled as dynamic configuration sources.
2018-09-20 13:55:50.876  INFO 11736 --- [    Test worker] c.n.c.sources.URLConfigurationSource     : To enable URLs as dynamic configuration sources, define System property archaius.configurationSource.additionalUrls or make config.properties available on classpath.
2018-09-20 13:55:51.027  INFO 11736 --- [    Test worker] o.s.w.s.handler.SimpleUrlHandlerMapping  : Mapped URL path [/**/favicon.ico] onto handler of type [class org.springframework.web.servlet.resource.ResourceHttpRequestHandler]
2018-09-20 13:55:51.370  INFO 11736 --- [    Test worker] s.w.s.m.m.a.RequestMappingHandlerAdapter : Looking for @ControllerAdvice: org.springframework.web.context.support.GenericWebApplicationContext@513a82e9: startup date [Thu Sep 20 13:55:48 CEST 2018]; parent: org.springframework.context.annotation.AnnotationConfigApplicationContext@2a277a68
2018-09-20 13:55:51.420  WARN 11736 --- [    Test worker] aWebConfiguration$JpaWebMvcConfiguration : spring.jpa.open-in-view is enabled by default. Therefore, database queries may be performed during view rendering. Explicitly configure spring.jpa.open-in-view to disable this warning
2018-09-20 13:55:51.472  INFO 11736 --- [    Test worker] s.w.s.m.m.a.RequestMappingHandlerMapping : Mapped "{[/error]}" onto public org.springframework.http.ResponseEntity<java.util.Map<java.lang.String, java.lang.Object>> org.springframework.boot.autoconfigure.web.servlet.error.BasicErrorController.error(javax.servlet.http.HttpServletRequest)
2018-09-20 13:55:51.473  INFO 11736 --- [    Test worker] s.w.s.m.m.a.RequestMappingHandlerMapping : Mapped "{[/error],produces=[text/html]}" onto public org.springframework.web.servlet.ModelAndView org.springframework.boot.autoconfigure.web.servlet.error.BasicErrorController.errorHtml(javax.servlet.http.HttpServletRequest,javax.servlet.http.HttpServletResponse)
2018-09-20 13:55:51.517  INFO 11736 --- [    Test worker] o.s.w.s.handler.SimpleUrlHandlerMapping  : Mapped URL path [/webjars/**] onto handler of type [class org.springframework.web.servlet.resource.ResourceHttpRequestHandler]
2018-09-20 13:55:51.517  INFO 11736 --- [    Test worker] o.s.w.s.handler.SimpleUrlHandlerMapping  : Mapped URL path [/**] onto handler of type [class org.springframework.web.servlet.resource.ResourceHttpRequestHandler]
2018-09-20 13:55:53.075  INFO 11736 --- [    Test worker] io.reflectoring.UserServiceConsumerTest  : Started UserServiceConsumerTest in 6.551 seconds (JVM running for 8.112)
2018-09-20 13:55:53.096  INFO 11736 --- [    Test worker] s.c.a.AnnotationConfigApplicationContext : Refreshing FeignContext-userservice: startup date [Thu Sep 20 13:55:53 CEST 2018]; parent: org.springframework.web.context.support.GenericWebApplicationContext@513a82e9
2018-09-20 13:55:53.121  INFO 11736 --- [    Test worker] f.a.AutowiredAnnotationBeanPostProcessor : JSR-330 'javax.inject.Inject' annotation found and supported for autowiring
2018-09-20 13:55:54.748  INFO 11736 --- [    Test worker] s.c.a.AnnotationConfigApplicationContext : Refreshing SpringClientFactory-userservice: startup date [Thu Sep 20 13:55:54 CEST 2018]; parent: org.springframework.web.context.support.GenericWebApplicationContext@513a82e9
2018-09-20 13:55:54.811  INFO 11736 --- [    Test worker] f.a.AutowiredAnnotationBeanPostProcessor : JSR-330 'javax.inject.Inject' annotation found and supported for autowiring
2018-09-20 13:55:55.109  INFO 11736 --- [    Test worker] c.netflix.loadbalancer.BaseLoadBalancer  : Client: userservice instantiated a LoadBalancer: DynamicServerListLoadBalancer:{NFLoadBalancer:name=userservice,current list of Servers=[],Load balancer stats=Zone stats: {},Server stats: []}ServerList:null
2018-09-20 13:55:55.118  INFO 11736 --- [    Test worker] c.n.l.DynamicServerListLoadBalancer      : Using serverListUpdater PollingServerListUpdater
2018-09-20 13:55:55.144  INFO 11736 --- [    Test worker] c.n.l.DynamicServerListLoadBalancer      : DynamicServerListLoadBalancer for client userservice initialized: DynamicServerListLoadBalancer:{NFLoadBalancer:name=userservice,current list of Servers=[localhost:8888],Load balancer stats=Zone stats: {unknown=[Zone:unknown;	Instance count:1;	Active connections count: 0;	Circuit breaker tripped count: 0;	Active connections per server: 0.0;]
},Server stats: [[Server:localhost:8888;	Zone:UNKNOWN;	Total Requests:0;	Successive connection failure:0;	Total blackout seconds:0;	Last connection made:Thu Jan 01 01:00:00 CET 1970;	First connection made: Thu Jan 01 01:00:00 CET 1970;	Active Connections:0;	total failure count in last (1000) msecs:0;	average resp time:0.0;	90 percentile resp time:0.0;	95 percentile resp time:0.0;	min resp time:0.0;	max resp time:0.0;	stddev resp time:0.0]
]}ServerList:com.netflix.loadbalancer.ConfigurationBasedServerList@190899f8
]]></system-out>
  <system-err><![CDATA[]]></system-err>
</testsuite>
